#
# A fatal error has been detected by the Java Runtime Environment:
#
#  Internal Error (safepoint.cpp:919), pid=77755, tid=27911
#  fatal error: Illegal threadstate encountered: 4
#
# JRE version: OpenJDK Runtime Environment Homebrew (11.0.12) (build 11.0.12+0)
# Java VM: OpenJDK 64-Bit Server VM Homebrew (11.0.12+0, mixed mode, tiered, compressed oops, g1 gc, bsd-amd64)
# No core dump will be written. Core dumps have been disabled. To enable core dumping, try "ulimit -c unlimited" before starting Java again
#
# If you would like to submit a bug report, please visit:
#   https://github.com/Homebrew/homebrew-core/issues
# The crash happened outside the Java Virtual Machine in native code.
# See problematic frame for where to report the bug.
#

---------------  S U M M A R Y ------------

Command Line: --module-path=/Users/ferbpp/.m2/repository/org/openjfx/javafx-base/17.0.1/javafx-base-17.0.1-mac.jar:/Users/ferbpp/.m2/repository/org/openjfx/javafx-base/17.0.1/javafx-base-17.0.1.jar:/Users/ferbpp/.m2/repository/org/openjfx/javafx-controls/17.0.1/javafx-controls-17.0.1-mac.jar:/Users/ferbpp/.m2/repository/org/openjfx/javafx-controls/17.0.1/javafx-controls-17.0.1.jar:/Users/ferbpp/.m2/repository/org/openjfx/javafx-graphics/17.0.1/javafx-graphics-17.0.1-mac.jar:/Users/ferbpp/.m2/repository/org/openjfx/javafx-graphics/17.0.1/javafx-graphics-17.0.1.jar --add-modules=javafx.base,javafx.controls,javafx.graphics Main

Host: MacBookPro12,1 x86_64 2700 MHz, 4 cores, 8G, Darwin 21.2.0
Time: Tue Feb  8 14:29:56 2022 CST elapsed time: 0.600595 seconds (0d 0h 0m 0s)

---------------  T H R E A D  ---------------

Current thread (0x00007f9f2cac6000):  JavaThread "InvokeLaterDispatcher" daemon [_thread_in_native, id=27911, stack(0x0000700006f6d000,0x000070000706d000)]

Stack: [0x0000700006f6d000,0x000070000706d000],  sp=0x000070000706b2a0,  free space=1016k
Native frames: (J=compiled Java code, A=aot compiled Java code, j=interpreted, Vv=VM code, C=native code)
V  [libjvm.dylib+0x75595a]  _ZN7VMError14report_and_dieEiPKcS1_P13__va_list_tagP6ThreadPhPvS7_S1_im+0x652
V  [libjvm.dylib+0x756053]  _ZN7VMError14report_and_dieEP6ThreadPvPKciS4_S4_P13__va_list_tag+0x3f
V  [libjvm.dylib+0x27a5a1]  _Z12report_fatalPKciS0_z+0xb5
V  [libjvm.dylib+0x67a5a5]  _ZN20SafepointSynchronize5blockEP10JavaThread+0x1d1
V  [libjvm.dylib+0x712069]  _ZN10JavaThread44check_safepoint_and_suspend_for_native_transEPS_+0xab
V  [libjvm.dylib+0x1deffd]  _ZN20ThreadInVMfromNativeC1EP10JavaThread+0x6d
V  [libjvm.dylib+0x3f108b]  jni_DeleteGlobalRef+0x3e
C  [libglass.dylib+0x82e8]  -[GlassRunnable dealloc]+0x28
C  [Foundation+0x80e9b]  -[_NSThreadPerformInfo dealloc]+0x2a
C  [Foundation+0x4dcc7]  -[NSObject(NSThreadPerformAdditions) performSelectorOnMainThread:withObject:waitUntilDone:]+0x7c
j  com.sun.glass.ui.mac.MacApplication._submitForLaterInvocation(Ljava/lang/Runnable;)V+0 javafx.graphics
j  com.sun.glass.ui.mac.MacApplication.submitForLaterInvocation(Ljava/lang/Runnable;)V+2 javafx.graphics
j  com.sun.glass.ui.InvokeLaterDispatcher.run()V+82 javafx.graphics
v  ~StubRoutines::call_stub
V  [libjvm.dylib+0x3b55c0]  _ZN9JavaCalls11call_helperEP9JavaValueRK12methodHandleP17JavaCallArgumentsP6Thread+0x274
V  [libjvm.dylib+0x3b49ed]  _ZN9JavaCalls12call_virtualEP9JavaValueP5KlassP6SymbolS5_P17JavaCallArgumentsP6Thread+0xd7
V  [libjvm.dylib+0x3b4aa4]  _ZN9JavaCalls12call_virtualEP9JavaValue6HandleP5KlassP6SymbolS6_P6Thread+0x62
V  [libjvm.dylib+0x432856]  _ZL12thread_entryP10JavaThreadP6Thread+0x78
V  [libjvm.dylib+0x710b7c]  _ZN10JavaThread17thread_main_innerEv+0x82
V  [libjvm.dylib+0x7109ce]  _ZN10JavaThread3runEv+0x178
V  [libjvm.dylib+0x70e928]  _ZN6Thread8call_runEv+0x68
V  [libjvm.dylib+0x60d783]  _ZL19thread_native_entryP6Thread+0x12d
C  [libsystem_pthread.dylib+0x64f4]  _pthread_start+0x7d
C  [libsystem_pthread.dylib+0x200f]  thread_start+0xf

Java frames: (J=compiled Java code, j=interpreted, Vv=VM code)
j  com.sun.glass.ui.mac.MacApplication._submitForLaterInvocation(Ljava/lang/Runnable;)V+0 javafx.graphics
j  com.sun.glass.ui.mac.MacApplication.submitForLaterInvocation(Ljava/lang/Runnable;)V+2 javafx.graphics
j  com.sun.glass.ui.InvokeLaterDispatcher.run()V+82 javafx.graphics
v  ~StubRoutines::call_stub

---------------  P R O C E S S  ---------------

Threads class SMR info:
_java_thread_list=0x00006000025f2920, length=12, elements={
0x00007f9f2c809000, 0x00007f9f2b823800, 0x00007f9f2b828800, 0x00007f9f2d818800,
0x00007f9f2c8d2800, 0x00007f9f2c8e9800, 0x00007f9f2b825000, 0x00007f9f2b830800,
0x00007f9f2c95b000, 0x00007f9f2ca00000, 0x00007f9f2cac6000, 0x00007f9f2d890800
}

Java Threads: ( => current thread )
  0x00007f9f2c809000 JavaThread "main" [_thread_blocked, id=5891, stack(0x0000700005d34000,0x0000700005e34000)]
  0x00007f9f2b823800 JavaThread "Reference Handler" daemon [_thread_blocked, id=19203, stack(0x0000700006449000,0x0000700006549000)]
  0x00007f9f2b828800 JavaThread "Finalizer" daemon [_thread_blocked, id=18435, stack(0x000070000654c000,0x000070000664c000)]
  0x00007f9f2d818800 JavaThread "Signal Dispatcher" daemon [_thread_blocked, id=16131, stack(0x0000700006755000,0x0000700006855000)]
  0x00007f9f2c8d2800 JavaThread "Service Thread" daemon [_thread_blocked, id=43267, stack(0x0000700006858000,0x0000700006958000)]
  0x00007f9f2c8e9800 JavaThread "C2 CompilerThread0" daemon [_thread_blocked, id=22019, stack(0x000070000695b000,0x0000700006a5b000)]
  0x00007f9f2b825000 JavaThread "C1 CompilerThread0" daemon [_thread_blocked, id=22275, stack(0x0000700006a5e000,0x0000700006b5e000)]
  0x00007f9f2b830800 JavaThread "Sweeper thread" daemon [_thread_blocked, id=22787, stack(0x0000700006b61000,0x0000700006c61000)]
  0x00007f9f2c95b000 JavaThread "Common-Cleaner" daemon [_thread_blocked, id=23299, stack(0x0000700006c64000,0x0000700006d64000)]
  0x00007f9f2ca00000 JavaThread "QuantumRenderer-0" daemon [_thread_in_vm, id=41219, stack(0x0000700006e6a000,0x0000700006f6a000)]
=>0x00007f9f2cac6000 JavaThread "InvokeLaterDispatcher" daemon [_thread_in_native, id=27911, stack(0x0000700006f6d000,0x000070000706d000)]
  0x00007f9f2d890800 JavaThread "JavaFX Application Thread" [_thread_blocked, id=259, stack(0x00007ff7b4f63000,0x00007ff7b5763000)]

Other Threads:
  0x00007f9f2c8ce800 VMThread "VM Thread" [stack: 0x0000700006346000,0x0000700006446000] [id=14339]
  0x00007f9f2d88d800 WatcherThread [stack: 0x0000700006d67000,0x0000700006e67000] [id=41475]
  0x00007f9f2c814800 GCTaskThread "GC Thread#0" [stack: 0x0000700005e37000,0x0000700005f37000] [id=21251]
  0x00007f9f2c83d800 ConcurrentGCThread "G1 Main Marker" [stack: 0x0000700005f3a000,0x000070000603a000] [id=20995]
  0x00007f9f2c83e000 ConcurrentGCThread "G1 Conc#0" [stack: 0x000070000603d000,0x000070000613d000] [id=12547]
  0x00007f9f2c88f000 ConcurrentGCThread "G1 Refine#0" [stack: 0x0000700006140000,0x0000700006240000] [id=12803]
  0x00007f9f2c88f800 ConcurrentGCThread "G1 Young RemSet Sampling" [stack: 0x0000700006243000,0x0000700006343000] [id=19971]

Threads with active compile tasks:

VM state:not at safepoint (normal execution)

VM Mutex/Monitor currently owned by a thread: None

Heap address: 0x0000000780000000, size: 2048 MB, Compressed Oops mode: Zero based, Oop shift amount: 3
Narrow klass base: 0x0000000800000000, Narrow klass shift: 0
Compressed class space size: 1073741824 Address: 0x0000000800000000

Heap:
 garbage-first heap   total 131072K, used 13312K [0x0000000780000000, 0x0000000800000000)
  region size 1024K, 14 young (14336K), 0 survivors (0K)
 Metaspace       used 9523K, capacity 9851K, committed 10112K, reserved 1058816K
  class space    used 949K, capacity 1084K, committed 1152K, reserved 1048576K
Heap Regions: E=young(eden), S=young(survivor), O=old, HS=humongous(starts), HC=humongous(continues), CS=collection set, F=free, A=archive, TAMS=top-at-mark-start (previous, next)
|   0|0x0000000780000000, 0x0000000780000000, 0x0000000780100000|  0%| F|  |TAMS 0x0000000780000000, 0x0000000780000000| Untracked 
|   1|0x0000000780100000, 0x0000000780100000, 0x0000000780200000|  0%| F|  |TAMS 0x0000000780100000, 0x0000000780100000| Untracked 
|   2|0x0000000780200000, 0x0000000780200000, 0x0000000780300000|  0%| F|  |TAMS 0x0000000780200000, 0x0000000780200000| Untracked 
|   3|0x0000000780300000, 0x0000000780300000, 0x0000000780400000|  0%| F|  |TAMS 0x0000000780300000, 0x0000000780300000| Untracked 
|   4|0x0000000780400000, 0x0000000780400000, 0x0000000780500000|  0%| F|  |TAMS 0x0000000780400000, 0x0000000780400000| Untracked 
|   5|0x0000000780500000, 0x0000000780500000, 0x0000000780600000|  0%| F|  |TAMS 0x0000000780500000, 0x0000000780500000| Untracked 
|   6|0x0000000780600000, 0x0000000780600000, 0x0000000780700000|  0%| F|  |TAMS 0x0000000780600000, 0x0000000780600000| Untracked 
|   7|0x0000000780700000, 0x0000000780700000, 0x0000000780800000|  0%| F|  |TAMS 0x0000000780700000, 0x0000000780700000| Untracked 
|   8|0x0000000780800000, 0x0000000780800000, 0x0000000780900000|  0%| F|  |TAMS 0x0000000780800000, 0x0000000780800000| Untracked 
|   9|0x0000000780900000, 0x0000000780900000, 0x0000000780a00000|  0%| F|  |TAMS 0x0000000780900000, 0x0000000780900000| Untracked 
|  10|0x0000000780a00000, 0x0000000780a00000, 0x0000000780b00000|  0%| F|  |TAMS 0x0000000780a00000, 0x0000000780a00000| Untracked 
|  11|0x0000000780b00000, 0x0000000780b00000, 0x0000000780c00000|  0%| F|  |TAMS 0x0000000780b00000, 0x0000000780b00000| Untracked 
|  12|0x0000000780c00000, 0x0000000780c00000, 0x0000000780d00000|  0%| F|  |TAMS 0x0000000780c00000, 0x0000000780c00000| Untracked 
|  13|0x0000000780d00000, 0x0000000780d00000, 0x0000000780e00000|  0%| F|  |TAMS 0x0000000780d00000, 0x0000000780d00000| Untracked 
|  14|0x0000000780e00000, 0x0000000780e00000, 0x0000000780f00000|  0%| F|  |TAMS 0x0000000780e00000, 0x0000000780e00000| Untracked 
|  15|0x0000000780f00000, 0x0000000780f00000, 0x0000000781000000|  0%| F|  |TAMS 0x0000000780f00000, 0x0000000780f00000| Untracked 
|  16|0x0000000781000000, 0x0000000781000000, 0x0000000781100000|  0%| F|  |TAMS 0x0000000781000000, 0x0000000781000000| Untracked 
|  17|0x0000000781100000, 0x0000000781100000, 0x0000000781200000|  0%| F|  |TAMS 0x0000000781100000, 0x0000000781100000| Untracked 
|  18|0x0000000781200000, 0x0000000781200000, 0x0000000781300000|  0%| F|  |TAMS 0x0000000781200000, 0x0000000781200000| Untracked 
|  19|0x0000000781300000, 0x0000000781300000, 0x0000000781400000|  0%| F|  |TAMS 0x0000000781300000, 0x0000000781300000| Untracked 
|  20|0x0000000781400000, 0x0000000781400000, 0x0000000781500000|  0%| F|  |TAMS 0x0000000781400000, 0x0000000781400000| Untracked 
|  21|0x0000000781500000, 0x0000000781500000, 0x0000000781600000|  0%| F|  |TAMS 0x0000000781500000, 0x0000000781500000| Untracked 
|  22|0x0000000781600000, 0x0000000781600000, 0x0000000781700000|  0%| F|  |TAMS 0x0000000781600000, 0x0000000781600000| Untracked 
|  23|0x0000000781700000, 0x0000000781700000, 0x0000000781800000|  0%| F|  |TAMS 0x0000000781700000, 0x0000000781700000| Untracked 
|  24|0x0000000781800000, 0x0000000781800000, 0x0000000781900000|  0%| F|  |TAMS 0x0000000781800000, 0x0000000781800000| Untracked 
|  25|0x0000000781900000, 0x0000000781900000, 0x0000000781a00000|  0%| F|  |TAMS 0x0000000781900000, 0x0000000781900000| Untracked 
|  26|0x0000000781a00000, 0x0000000781a00000, 0x0000000781b00000|  0%| F|  |TAMS 0x0000000781a00000, 0x0000000781a00000| Untracked 
|  27|0x0000000781b00000, 0x0000000781b00000, 0x0000000781c00000|  0%| F|  |TAMS 0x0000000781b00000, 0x0000000781b00000| Untracked 
|  28|0x0000000781c00000, 0x0000000781c00000, 0x0000000781d00000|  0%| F|  |TAMS 0x0000000781c00000, 0x0000000781c00000| Untracked 
|  29|0x0000000781d00000, 0x0000000781d00000, 0x0000000781e00000|  0%| F|  |TAMS 0x0000000781d00000, 0x0000000781d00000| Untracked 
|  30|0x0000000781e00000, 0x0000000781e00000, 0x0000000781f00000|  0%| F|  |TAMS 0x0000000781e00000, 0x0000000781e00000| Untracked 
|  31|0x0000000781f00000, 0x0000000781f00000, 0x0000000782000000|  0%| F|  |TAMS 0x0000000781f00000, 0x0000000781f00000| Untracked 
|  32|0x0000000782000000, 0x0000000782000000, 0x0000000782100000|  0%| F|  |TAMS 0x0000000782000000, 0x0000000782000000| Untracked 
|  33|0x0000000782100000, 0x0000000782100000, 0x0000000782200000|  0%| F|  |TAMS 0x0000000782100000, 0x0000000782100000| Untracked 
|  34|0x0000000782200000, 0x0000000782200000, 0x0000000782300000|  0%| F|  |TAMS 0x0000000782200000, 0x0000000782200000| Untracked 
|  35|0x0000000782300000, 0x0000000782300000, 0x0000000782400000|  0%| F|  |TAMS 0x0000000782300000, 0x0000000782300000| Untracked 
|  36|0x0000000782400000, 0x0000000782400000, 0x0000000782500000|  0%| F|  |TAMS 0x0000000782400000, 0x0000000782400000| Untracked 
|  37|0x0000000782500000, 0x0000000782500000, 0x0000000782600000|  0%| F|  |TAMS 0x0000000782500000, 0x0000000782500000| Untracked 
|  38|0x0000000782600000, 0x0000000782600000, 0x0000000782700000|  0%| F|  |TAMS 0x0000000782600000, 0x0000000782600000| Untracked 
|  39|0x0000000782700000, 0x0000000782700000, 0x0000000782800000|  0%| F|  |TAMS 0x0000000782700000, 0x0000000782700000| Untracked 
|  40|0x0000000782800000, 0x0000000782800000, 0x0000000782900000|  0%| F|  |TAMS 0x0000000782800000, 0x0000000782800000| Untracked 
|  41|0x0000000782900000, 0x0000000782900000, 0x0000000782a00000|  0%| F|  |TAMS 0x0000000782900000, 0x0000000782900000| Untracked 
|  42|0x0000000782a00000, 0x0000000782a00000, 0x0000000782b00000|  0%| F|  |TAMS 0x0000000782a00000, 0x0000000782a00000| Untracked 
|  43|0x0000000782b00000, 0x0000000782b00000, 0x0000000782c00000|  0%| F|  |TAMS 0x0000000782b00000, 0x0000000782b00000| Untracked 
|  44|0x0000000782c00000, 0x0000000782c00000, 0x0000000782d00000|  0%| F|  |TAMS 0x0000000782c00000, 0x0000000782c00000| Untracked 
|  45|0x0000000782d00000, 0x0000000782d00000, 0x0000000782e00000|  0%| F|  |TAMS 0x0000000782d00000, 0x0000000782d00000| Untracked 
|  46|0x0000000782e00000, 0x0000000782e00000, 0x0000000782f00000|  0%| F|  |TAMS 0x0000000782e00000, 0x0000000782e00000| Untracked 
|  47|0x0000000782f00000, 0x0000000782f00000, 0x0000000783000000|  0%| F|  |TAMS 0x0000000782f00000, 0x0000000782f00000| Untracked 
|  48|0x0000000783000000, 0x0000000783000000, 0x0000000783100000|  0%| F|  |TAMS 0x0000000783000000, 0x0000000783000000| Untracked 
|  49|0x0000000783100000, 0x0000000783100000, 0x0000000783200000|  0%| F|  |TAMS 0x0000000783100000, 0x0000000783100000| Untracked 
|  50|0x0000000783200000, 0x0000000783200000, 0x0000000783300000|  0%| F|  |TAMS 0x0000000783200000, 0x0000000783200000| Untracked 
|  51|0x0000000783300000, 0x0000000783300000, 0x0000000783400000|  0%| F|  |TAMS 0x0000000783300000, 0x0000000783300000| Untracked 
|  52|0x0000000783400000, 0x0000000783400000, 0x0000000783500000|  0%| F|  |TAMS 0x0000000783400000, 0x0000000783400000| Untracked 
|  53|0x0000000783500000, 0x0000000783500000, 0x0000000783600000|  0%| F|  |TAMS 0x0000000783500000, 0x0000000783500000| Untracked 
|  54|0x0000000783600000, 0x0000000783600000, 0x0000000783700000|  0%| F|  |TAMS 0x0000000783600000, 0x0000000783600000| Untracked 
|  55|0x0000000783700000, 0x0000000783700000, 0x0000000783800000|  0%| F|  |TAMS 0x0000000783700000, 0x0000000783700000| Untracked 
|  56|0x0000000783800000, 0x0000000783800000, 0x0000000783900000|  0%| F|  |TAMS 0x0000000783800000, 0x0000000783800000| Untracked 
|  57|0x0000000783900000, 0x0000000783900000, 0x0000000783a00000|  0%| F|  |TAMS 0x0000000783900000, 0x0000000783900000| Untracked 
|  58|0x0000000783a00000, 0x0000000783a00000, 0x0000000783b00000|  0%| F|  |TAMS 0x0000000783a00000, 0x0000000783a00000| Untracked 
|  59|0x0000000783b00000, 0x0000000783b00000, 0x0000000783c00000|  0%| F|  |TAMS 0x0000000783b00000, 0x0000000783b00000| Untracked 
|  60|0x0000000783c00000, 0x0000000783c00000, 0x0000000783d00000|  0%| F|  |TAMS 0x0000000783c00000, 0x0000000783c00000| Untracked 
|  61|0x0000000783d00000, 0x0000000783d00000, 0x0000000783e00000|  0%| F|  |TAMS 0x0000000783d00000, 0x0000000783d00000| Untracked 
|  62|0x0000000783e00000, 0x0000000783e00000, 0x0000000783f00000|  0%| F|  |TAMS 0x0000000783e00000, 0x0000000783e00000| Untracked 
|  63|0x0000000783f00000, 0x0000000783f00000, 0x0000000784000000|  0%| F|  |TAMS 0x0000000783f00000, 0x0000000783f00000| Untracked 
|  64|0x0000000784000000, 0x0000000784000000, 0x0000000784100000|  0%| F|  |TAMS 0x0000000784000000, 0x0000000784000000| Untracked 
|  65|0x0000000784100000, 0x0000000784100000, 0x0000000784200000|  0%| F|  |TAMS 0x0000000784100000, 0x0000000784100000| Untracked 
|  66|0x0000000784200000, 0x0000000784200000, 0x0000000784300000|  0%| F|  |TAMS 0x0000000784200000, 0x0000000784200000| Untracked 
|  67|0x0000000784300000, 0x0000000784300000, 0x0000000784400000|  0%| F|  |TAMS 0x0000000784300000, 0x0000000784300000| Untracked 
|  68|0x0000000784400000, 0x0000000784400000, 0x0000000784500000|  0%| F|  |TAMS 0x0000000784400000, 0x0000000784400000| Untracked 
|  69|0x0000000784500000, 0x0000000784500000, 0x0000000784600000|  0%| F|  |TAMS 0x0000000784500000, 0x0000000784500000| Untracked 
|  70|0x0000000784600000, 0x0000000784600000, 0x0000000784700000|  0%| F|  |TAMS 0x0000000784600000, 0x0000000784600000| Untracked 
|  71|0x0000000784700000, 0x0000000784700000, 0x0000000784800000|  0%| F|  |TAMS 0x0000000784700000, 0x0000000784700000| Untracked 
|  72|0x0000000784800000, 0x0000000784800000, 0x0000000784900000|  0%| F|  |TAMS 0x0000000784800000, 0x0000000784800000| Untracked 
|  73|0x0000000784900000, 0x0000000784900000, 0x0000000784a00000|  0%| F|  |TAMS 0x0000000784900000, 0x0000000784900000| Untracked 
|  74|0x0000000784a00000, 0x0000000784a00000, 0x0000000784b00000|  0%| F|  |TAMS 0x0000000784a00000, 0x0000000784a00000| Untracked 
|  75|0x0000000784b00000, 0x0000000784b00000, 0x0000000784c00000|  0%| F|  |TAMS 0x0000000784b00000, 0x0000000784b00000| Untracked 
|  76|0x0000000784c00000, 0x0000000784c00000, 0x0000000784d00000|  0%| F|  |TAMS 0x0000000784c00000, 0x0000000784c00000| Untracked 
|  77|0x0000000784d00000, 0x0000000784d00000, 0x0000000784e00000|  0%| F|  |TAMS 0x0000000784d00000, 0x0000000784d00000| Untracked 
|  78|0x0000000784e00000, 0x0000000784e00000, 0x0000000784f00000|  0%| F|  |TAMS 0x0000000784e00000, 0x0000000784e00000| Untracked 
|  79|0x0000000784f00000, 0x0000000784f00000, 0x0000000785000000|  0%| F|  |TAMS 0x0000000784f00000, 0x0000000784f00000| Untracked 
|  80|0x0000000785000000, 0x0000000785000000, 0x0000000785100000|  0%| F|  |TAMS 0x0000000785000000, 0x0000000785000000| Untracked 
|  81|0x0000000785100000, 0x0000000785100000, 0x0000000785200000|  0%| F|  |TAMS 0x0000000785100000, 0x0000000785100000| Untracked 
|  82|0x0000000785200000, 0x0000000785200000, 0x0000000785300000|  0%| F|  |TAMS 0x0000000785200000, 0x0000000785200000| Untracked 
|  83|0x0000000785300000, 0x0000000785300000, 0x0000000785400000|  0%| F|  |TAMS 0x0000000785300000, 0x0000000785300000| Untracked 
|  84|0x0000000785400000, 0x0000000785400000, 0x0000000785500000|  0%| F|  |TAMS 0x0000000785400000, 0x0000000785400000| Untracked 
|  85|0x0000000785500000, 0x0000000785500000, 0x0000000785600000|  0%| F|  |TAMS 0x0000000785500000, 0x0000000785500000| Untracked 
|  86|0x0000000785600000, 0x0000000785600000, 0x0000000785700000|  0%| F|  |TAMS 0x0000000785600000, 0x0000000785600000| Untracked 
|  87|0x0000000785700000, 0x0000000785700000, 0x0000000785800000|  0%| F|  |TAMS 0x0000000785700000, 0x0000000785700000| Untracked 
|  88|0x0000000785800000, 0x0000000785800000, 0x0000000785900000|  0%| F|  |TAMS 0x0000000785800000, 0x0000000785800000| Untracked 
|  89|0x0000000785900000, 0x0000000785900000, 0x0000000785a00000|  0%| F|  |TAMS 0x0000000785900000, 0x0000000785900000| Untracked 
|  90|0x0000000785a00000, 0x0000000785a00000, 0x0000000785b00000|  0%| F|  |TAMS 0x0000000785a00000, 0x0000000785a00000| Untracked 
|  91|0x0000000785b00000, 0x0000000785b00000, 0x0000000785c00000|  0%| F|  |TAMS 0x0000000785b00000, 0x0000000785b00000| Untracked 
|  92|0x0000000785c00000, 0x0000000785c00000, 0x0000000785d00000|  0%| F|  |TAMS 0x0000000785c00000, 0x0000000785c00000| Untracked 
|  93|0x0000000785d00000, 0x0000000785d00000, 0x0000000785e00000|  0%| F|  |TAMS 0x0000000785d00000, 0x0000000785d00000| Untracked 
|  94|0x0000000785e00000, 0x0000000785e00000, 0x0000000785f00000|  0%| F|  |TAMS 0x0000000785e00000, 0x0000000785e00000| Untracked 
|  95|0x0000000785f00000, 0x0000000785f00000, 0x0000000786000000|  0%| F|  |TAMS 0x0000000785f00000, 0x0000000785f00000| Untracked 
|  96|0x0000000786000000, 0x0000000786000000, 0x0000000786100000|  0%| F|  |TAMS 0x0000000786000000, 0x0000000786000000| Untracked 
|  97|0x0000000786100000, 0x0000000786100000, 0x0000000786200000|  0%| F|  |TAMS 0x0000000786100000, 0x0000000786100000| Untracked 
|  98|0x0000000786200000, 0x0000000786200000, 0x0000000786300000|  0%| F|  |TAMS 0x0000000786200000, 0x0000000786200000| Untracked 
|  99|0x0000000786300000, 0x0000000786300000, 0x0000000786400000|  0%| F|  |TAMS 0x0000000786300000, 0x0000000786300000| Untracked 
| 100|0x0000000786400000, 0x0000000786400000, 0x0000000786500000|  0%| F|  |TAMS 0x0000000786400000, 0x0000000786400000| Untracked 
| 101|0x0000000786500000, 0x0000000786500000, 0x0000000786600000|  0%| F|  |TAMS 0x0000000786500000, 0x0000000786500000| Untracked 
| 102|0x0000000786600000, 0x0000000786600000, 0x0000000786700000|  0%| F|  |TAMS 0x0000000786600000, 0x0000000786600000| Untracked 
| 103|0x0000000786700000, 0x0000000786700000, 0x0000000786800000|  0%| F|  |TAMS 0x0000000786700000, 0x0000000786700000| Untracked 
| 104|0x0000000786800000, 0x0000000786800000, 0x0000000786900000|  0%| F|  |TAMS 0x0000000786800000, 0x0000000786800000| Untracked 
| 105|0x0000000786900000, 0x0000000786900000, 0x0000000786a00000|  0%| F|  |TAMS 0x0000000786900000, 0x0000000786900000| Untracked 
| 106|0x0000000786a00000, 0x0000000786a00000, 0x0000000786b00000|  0%| F|  |TAMS 0x0000000786a00000, 0x0000000786a00000| Untracked 
| 107|0x0000000786b00000, 0x0000000786b00000, 0x0000000786c00000|  0%| F|  |TAMS 0x0000000786b00000, 0x0000000786b00000| Untracked 
| 108|0x0000000786c00000, 0x0000000786c00000, 0x0000000786d00000|  0%| F|  |TAMS 0x0000000786c00000, 0x0000000786c00000| Untracked 
| 109|0x0000000786d00000, 0x0000000786d00000, 0x0000000786e00000|  0%| F|  |TAMS 0x0000000786d00000, 0x0000000786d00000| Untracked 
| 110|0x0000000786e00000, 0x0000000786e00000, 0x0000000786f00000|  0%| F|  |TAMS 0x0000000786e00000, 0x0000000786e00000| Untracked 
| 111|0x0000000786f00000, 0x0000000786f00000, 0x0000000787000000|  0%| F|  |TAMS 0x0000000786f00000, 0x0000000786f00000| Untracked 
| 112|0x0000000787000000, 0x0000000787000000, 0x0000000787100000|  0%| F|  |TAMS 0x0000000787000000, 0x0000000787000000| Untracked 
| 113|0x0000000787100000, 0x0000000787100000, 0x0000000787200000|  0%| F|  |TAMS 0x0000000787100000, 0x0000000787100000| Untracked 
| 114|0x0000000787200000, 0x00000007872484f0, 0x0000000787300000| 28%| E|  |TAMS 0x0000000787200000, 0x0000000787200000| Complete 
| 115|0x0000000787300000, 0x0000000787400000, 0x0000000787400000|100%| E|CS|TAMS 0x0000000787300000, 0x0000000787300000| Complete 
| 116|0x0000000787400000, 0x0000000787500000, 0x0000000787500000|100%| E|CS|TAMS 0x0000000787400000, 0x0000000787400000| Complete 
| 117|0x0000000787500000, 0x0000000787600000, 0x0000000787600000|100%| E|CS|TAMS 0x0000000787500000, 0x0000000787500000| Complete 
| 118|0x0000000787600000, 0x0000000787700000, 0x0000000787700000|100%| E|CS|TAMS 0x0000000787600000, 0x0000000787600000| Complete 
| 119|0x0000000787700000, 0x0000000787800000, 0x0000000787800000|100%| E|CS|TAMS 0x0000000787700000, 0x0000000787700000| Complete 
| 120|0x0000000787800000, 0x0000000787900000, 0x0000000787900000|100%| E|CS|TAMS 0x0000000787800000, 0x0000000787800000| Complete 
| 121|0x0000000787900000, 0x0000000787a00000, 0x0000000787a00000|100%| E|CS|TAMS 0x0000000787900000, 0x0000000787900000| Complete 
| 122|0x0000000787a00000, 0x0000000787b00000, 0x0000000787b00000|100%| E|CS|TAMS 0x0000000787a00000, 0x0000000787a00000| Complete 
| 123|0x0000000787b00000, 0x0000000787c00000, 0x0000000787c00000|100%| E|CS|TAMS 0x0000000787b00000, 0x0000000787b00000| Complete 
| 124|0x0000000787c00000, 0x0000000787d00000, 0x0000000787d00000|100%| E|CS|TAMS 0x0000000787c00000, 0x0000000787c00000| Complete 
| 125|0x0000000787d00000, 0x0000000787e00000, 0x0000000787e00000|100%| E|CS|TAMS 0x0000000787d00000, 0x0000000787d00000| Complete 
| 126|0x0000000787e00000, 0x0000000787f00000, 0x0000000787f00000|100%| E|CS|TAMS 0x0000000787e00000, 0x0000000787e00000| Complete 
| 127|0x0000000787f00000, 0x0000000788000000, 0x0000000788000000|100%| E|CS|TAMS 0x0000000787f00000, 0x0000000787f00000| Complete 

Card table byte_map: [0x000000010af7f000,0x000000010b37f000] _byte_map_base: 0x000000010737f000

Marking Bits (Prev, Next): (CMBitMap*) 0x00007f9f2c834a18, (CMBitMap*) 0x00007f9f2c834a50
 Prev Bits: [0x0000000124029000, 0x0000000126029000)
 Next Bits: [0x0000000126029000, 0x0000000128029000)

Polling page: 0x000000010a8e5000

Metaspace:

Usage:
  Non-class:      8.62 MB capacity,     8.44 MB ( 98%) used,   156.08 KB (  2%) free+waste,    27.88 KB ( <1%) overhead. 
      Class:      1.06 MB capacity,   955.82 KB ( 88%) used,   113.93 KB ( 11%) free+waste,    14.25 KB (  1%) overhead. 
       Both:      9.68 MB capacity,     9.38 MB ( 97%) used,   270.01 KB (  3%) free+waste,    42.12 KB ( <1%) overhead. 

Virtual space:
  Non-class space:       10.00 MB reserved,       8.75 MB ( 88%) committed 
      Class space:        1.00 GB reserved,       1.12 MB ( <1%) committed 
             Both:        1.01 GB reserved,       9.88 MB ( <1%) committed 

Chunk freelists:
   Non-Class:  9.00 KB
       Class:  4.00 KB
        Both:  13.00 KB

MaxMetaspaceSize: unlimited
CompressedClassSpaceSize: 1.00 GB
Initial GC threshold: 20.80 MB
Current GC threshold: 20.80 MB
CDS: off

CodeHeap 'non-profiled nmethods': size=120032Kb used=260Kb max_used=260Kb free=119771Kb
 bounds [0x000000011caf1000, 0x000000011cd61000, 0x0000000124029000]
CodeHeap 'profiled nmethods': size=120032Kb used=1165Kb max_used=1165Kb free=118866Kb
 bounds [0x00000001155b9000, 0x0000000115829000, 0x000000011caf1000]
CodeHeap 'non-nmethods': size=5696Kb used=1187Kb max_used=1187Kb free=4508Kb
 bounds [0x0000000115029000, 0x0000000115299000, 0x00000001155b9000]
 total_blobs=1232 nmethods=779 adapters=367
 compilation: enabled
              stopped_count=0, restarted_count=0
 full_count=0

Compilation events (20 events):
Event: 0.417 Thread 0x00007f9f2b825000  761       3       java.util.WeakHashMap::remove (133 bytes)
Event: 0.417 Thread 0x00007f9f2b825000 nmethod 761 0x00000001156cf890 code [0x00000001156cfae0, 0x00000001156d05e0]
Event: 0.422 Thread 0x00007f9f2c8e9800  762       4       sun.security.provider.MD5::implCompress (1508 bytes)
Event: 0.422 Thread 0x00007f9f2b825000  763       3       sun.security.provider.DigestBase::implCompressMultiBlock0 (23 bytes)
Event: 0.423 Thread 0x00007f9f2b825000 nmethod 763 0x00000001156d0990 code [0x00000001156d0b60, 0x00000001156d0e00]
Event: 0.424 Thread 0x00007f9f2b825000  765       3       java.lang.invoke.VarHandleInts$FieldInstanceReadWrite::compareAndSet (24 bytes)
Event: 0.424 Thread 0x00007f9f2b825000 nmethod 765 0x00000001156d0f10 code [0x00000001156d1120, 0x00000001156d15e0]
Event: 0.426 Thread 0x00007f9f2b825000  766       3       java.io.FilterInputStream::read (9 bytes)
Event: 0.426 Thread 0x00007f9f2b825000 nmethod 766 0x00000001156d1810 code [0x00000001156d19c0, 0x00000001156d1b80]
Event: 0.427 Thread 0x00007f9f2b825000  767       3       java.lang.ref.SoftReference::get (29 bytes)
Event: 0.428 Thread 0x00007f9f2b825000 nmethod 767 0x00000001156d1c90 code [0x00000001156d1e40, 0x00000001156d2010]
Event: 0.440 Thread 0x00007f9f2c8e9800 nmethod 762 0x000000011cb30310 code [0x000000011cb304c0, 0x000000011cb31168]
Event: 0.440 Thread 0x00007f9f2c8e9800  764       4       sun.security.provider.ByteArrayAccess::b2iLittle64 (614 bytes)
Event: 0.443 Thread 0x00007f9f2c8e9800 nmethod 764 0x000000011cb31310 code [0x000000011cb314a0, 0x000000011cb316b8]
Event: 0.487 Thread 0x00007f9f2b825000  769       3       java.lang.String::concat (115 bytes)
Event: 0.495 Thread 0x00007f9f2b825000 nmethod 769 0x00000001156d2090 code [0x00000001156d2320, 0x00000001156d2fc0]
Event: 0.495 Thread 0x00007f9f2b825000  771       3       java.lang.Byte::<init> (10 bytes)
Event: 0.495 Thread 0x00007f9f2b825000 nmethod 771 0x00000001156d3490 code [0x00000001156d3640, 0x00000001156d37f0]
Event: 0.495 Thread 0x00007f9f2b825000  770       3       java.util.concurrent.locks.AbstractQueuedSynchronizer::compareAndSetState (10 bytes)
Event: 0.496 Thread 0x00007f9f2b825000 nmethod 770 0x00000001156d3910 code [0x00000001156d3b20, 0x00000001156d4110]

GC Heap History (0 events):
No events

Deoptimization events (8 events):
Event: 0.135 Thread 0x00007f9f2c809000 Uncommon trap: trap_request=0xffffff4d fr.pc=0x000000011cafd99c relative=0x000000000000007c
Event: 0.135 Thread 0x00007f9f2c809000 Uncommon trap: reason=unstable_if action=reinterpret pc=0x000000011cafd99c method=java.lang.CharacterDataLatin1.isJavaIdentifierPart(I)Z @ 11 c2
Event: 0.135 Thread 0x00007f9f2c809000 DEOPT PACKING pc=0x000000011cafd99c sp=0x0000700005e325c0
Event: 0.135 Thread 0x00007f9f2c809000 DEOPT UNPACKING pc=0x0000000115072ea5 sp=0x0000700005e32558 mode 2
Event: 0.349 Thread 0x00007f9f2ca00000 Uncommon trap: trap_request=0xffffff4d fr.pc=0x000000011cb06520 relative=0x0000000000000740
Event: 0.349 Thread 0x00007f9f2ca00000 Uncommon trap: reason=unstable_if action=reinterpret pc=0x000000011cb06520 method=java.lang.String.isEmpty()Z @ 5 c2
Event: 0.349 Thread 0x00007f9f2ca00000 DEOPT PACKING pc=0x000000011cb06520 sp=0x0000700006f67800
Event: 0.349 Thread 0x00007f9f2ca00000 DEOPT UNPACKING pc=0x0000000115072ea5 sp=0x0000700006f67760 mode 2

Classes redefined (0 events):
No events

Internal exceptions (6 events):
Event: 0.152 Thread 0x00007f9f2c809000 Exception <a 'java/lang/NoSuchMethodError'{0x0000000787d14b68}: 'int java.lang.invoke.DirectMethodHandle$Holder.invokeSpecialIFC(java.lang.Object, java.lang.Object, int)'> (0x0000000787d14b68) thrown at [src/hotspot/share/interpreter/linkResolver.cpp, line 773]
Event: 0.241 Thread 0x00007f9f2c809000 Exception <a 'java/lang/NoSuchMethodError'{0x000000078796f880}: 'java.lang.Object java.lang.invoke.DirectMethodHandle$Holder.invokeStatic(java.lang.Object, java.lang.Object, java.lang.Object, java.lang.Object, java.lang.Object, java.lang.Object, java.lang.Object, java.lang.Object, int)'> (0x000000078796f880) thrown at [src/hotspot/share/interpreter/linkResolver.cpp, line 773]
Event: 0.244 Thread 0x00007f9f2c809000 Exception <a 'java/lang/NoSuchMethodError'{0x000000078798acb0}: 'java.lang.Object java.lang.invoke.DirectMethodHandle$Holder.invokeStatic(java.lang.Object, java.lang.Object, java.lang.Object, java.lang.Object, java.lang.Object, java.lang.Object, java.lang.Object, java.lang.Object, int, int)'> (0x000000078798acb0) thrown at [src/hotspot/share/interpreter/linkResolver.cpp, line 773]
Event: 0.247 Thread 0x00007f9f2c809000 Exception <a 'java/lang/NoSuchMethodError'{0x00000007879a62f8}: 'java.lang.Object java.lang.invoke.DirectMethodHandle$Holder.invokeStatic(java.lang.Object, java.lang.Object, java.lang.Object, java.lang.Object, java.lang.Object, java.lang.Object, java.lang.Object, java.lang.Object, int, int, java.lang.Object)'> (0x00000007879a62f8) thrown at [src/hotspot/share/interpreter/linkResolver.cpp, line 773]
Event: 0.408 Thread 0x00007f9f2c809000 Exception <a 'java/lang/NoSuchMethodError'{0x000000078778dff0}: 'int java.lang.invoke.DirectMethodHandle$Holder.invokeStaticInit(java.lang.Object, java.lang.Object, java.lang.Object)'> (0x000000078778dff0) thrown at [src/hotspot/share/interpreter/linkResolver.cpp, line 773]
Event: 0.410 Thread 0x00007f9f2c809000 Exception <a 'java/lang/NoSuchMethodError'{0x00000007875e0008}: 'void java.lang.invoke.DirectMethodHandle$Holder.invokeSpecial(java.lang.Object, java.lang.Object)'> (0x00000007875e0008) thrown at [src/hotspot/share/interpreter/linkResolver.cpp, line 773]

Events (20 events):
Event: 0.431 Protecting memory [0x00007ff7b4f63000,0x00007ff7b4f67000] with protection modes 0
Event: 0.431 Thread 0x00007f9f2d890800 Thread added: 0x00007f9f2d890800
Event: 0.487 Executing VM operation: RevokeBias
Event: 0.489 Executing VM operation: RevokeBias done
Event: 0.490 loading class com/sun/glass/ui/EventLoop
Event: 0.490 loading class com/sun/glass/ui/EventLoop done
Event: 0.490 loading class com/sun/glass/ui/mac/MacApplication
Event: 0.490 loading class com/sun/glass/ui/mac/MacApplication done
Event: 0.491 Executing VM operation: RevokeBias
Event: 0.492 Executing VM operation: RevokeBias done
Event: 0.493 Thread 0x00007f9f2cace000 Thread added: 0x00007f9f2cace000
Event: 0.494 Protecting memory [0x0000700007070000,0x0000700007074000] with protection modes 0
Event: 0.589 loading class com/sun/glass/ui/EventLoop
Event: 0.589 loading class com/sun/glass/ui/EventLoop done
Event: 0.589 loading class com/sun/glass/ui/EventLoop
Event: 0.589 loading class com/sun/glass/ui/EventLoop done
Event: 0.590 loading class java/util/concurrent/LinkedBlockingDeque$Node
Event: 0.590 loading class java/util/concurrent/LinkedBlockingDeque$Node done
Event: 0.595 Executing VM operation: RevokeBias
Event: 0.595 Executing VM operation: RevokeBias done


Dynamic libraries:
0x000000010a8c5000 	/usr/local/Cellar/openjdk@11/11.0.12/libexec/openjdk.jdk/Contents/Home/lib/jli/libjli.dylib
0x00007ff82c64d000 	/System/Library/Frameworks/Cocoa.framework/Versions/A/Cocoa
0x00007ff8184d2000 	/System/Library/Frameworks/AppKit.framework/Versions/C/AppKit
0x00007ff81b9c8000 	/System/Library/Frameworks/CoreData.framework/Versions/A/CoreData
0x00007ff8168e9000 	/System/Library/Frameworks/Foundation.framework/Versions/C/Foundation
0x00007ff820788000 	/usr/lib/libSystem.B.dylib
0x00007ff819361000 	/System/Library/PrivateFrameworks/UIFoundation.framework/Versions/A/UIFoundation
0x00007ff8265fe000 	/System/Library/PrivateFrameworks/RemoteViewServices.framework/Versions/A/RemoteViewServices
0x00007ff81e9ee000 	/System/Library/PrivateFrameworks/XCTTargetBootstrap.framework/Versions/A/XCTTargetBootstrap
0x00007ff822598000 	/System/Library/PrivateFrameworks/InternationalSupport.framework/Versions/A/InternationalSupport
0x00007ff822622000 	/System/Library/PrivateFrameworks/UserActivity.framework/Versions/A/UserActivity
0x00007ff821978000 	/usr/lib/libspindump.dylib
0x00007ff8195ef000 	/System/Library/Frameworks/UniformTypeIdentifiers.framework/Versions/A/UniformTypeIdentifiers
0x00007ff81d12b000 	/usr/lib/libapp_launch_measurement.dylib
0x00007ff81c394000 	/System/Library/PrivateFrameworks/CoreAnalytics.framework/Versions/A/CoreAnalytics
0x00007ff81d12e000 	/System/Library/PrivateFrameworks/CoreAutoLayout.framework/Versions/A/CoreAutoLayout
0x00007ff81e34e000 	/System/Library/Frameworks/Metal.framework/Versions/A/Metal
0x00007ff81f064000 	/usr/lib/liblangid.dylib
0x00007ff81e9f2000 	/System/Library/PrivateFrameworks/CoreSVG.framework/Versions/A/CoreSVG
0x00007ff81a9b6000 	/System/Library/PrivateFrameworks/SkyLight.framework/Versions/A/SkyLight
0x00007ff81ad49000 	/System/Library/Frameworks/CoreGraphics.framework/Versions/A/CoreGraphics
0x00007ff826c6d000 	/System/Library/Frameworks/Accelerate.framework/Versions/A/Accelerate
0x00007ff8213f3000 	/System/Library/PrivateFrameworks/IconServices.framework/Versions/A/IconServices
0x00007ff81e333000 	/System/Library/Frameworks/IOSurface.framework/Versions/A/IOSurface
0x00007ff81c3c2000 	/usr/lib/libDiagnosticMessagesClient.dylib
0x00007ff8206a8000 	/usr/lib/libz.1.dylib
0x00007ff82a2dc000 	/System/Library/Frameworks/ApplicationServices.framework/Versions/A/ApplicationServices
0x00007ff81e9da000 	/System/Library/PrivateFrameworks/DFRFoundation.framework/Versions/A/DFRFoundation
0x00007ff817dc3000 	/usr/lib/libicucore.A.dylib
0x00007ff8232bd000 	/System/Library/Frameworks/AudioToolbox.framework/Versions/A/AudioToolbox
0x00007ff8225a4000 	/System/Library/PrivateFrameworks/DataDetectorsCore.framework/Versions/A/DataDetectorsCore
0x00007ff91df03000 	/System/Library/PrivateFrameworks/TextInput.framework/Versions/A/TextInput
0x00007ff81a93a000 	/usr/lib/libMobileGestalt.dylib
0x00007ff81e6e2000 	/System/Library/Frameworks/Carbon.framework/Versions/A/Frameworks/HIToolbox.framework/Versions/A/HIToolbox
0x00007ff81cb58000 	/System/Library/Frameworks/QuartzCore.framework/Versions/A/QuartzCore
0x00007ff817a63000 	/System/Library/Frameworks/Security.framework/Versions/A/Security
0x00007ff826636000 	/System/Library/Frameworks/Carbon.framework/Versions/A/Frameworks/SpeechRecognition.framework/Versions/A/SpeechRecognition
0x00007ff81ce8b000 	/System/Library/PrivateFrameworks/CoreUI.framework/Versions/A/CoreUI
0x00007ff81733b000 	/System/Library/Frameworks/CoreAudio.framework/Versions/A/CoreAudio
0x00007ff81c4b0000 	/System/Library/Frameworks/DiskArbitration.framework/Versions/A/DiskArbitration
0x00007ff821d5f000 	/System/Library/PrivateFrameworks/MultitouchSupport.framework/Versions/A/MultitouchSupport
0x00007ff81a939000 	/usr/lib/libenergytrace.dylib
0x00007ff8183be000 	/System/Library/Frameworks/IOKit.framework/Versions/A/IOKit
0x00007ff826a22000 	/System/Library/Frameworks/CoreServices.framework/Versions/A/CoreServices
0x00007ff81d0c5000 	/System/Library/PrivateFrameworks/PerformanceAnalysis.framework/Versions/A/PerformanceAnalysis
0x00007ffa2d6ce000 	/System/Library/Frameworks/OpenGL.framework/Versions/A/OpenGL
0x00007ff81fcd9000 	/System/Library/PrivateFrameworks/MobileKeyBag.framework/Versions/A/MobileKeyBag
0x00007ff8158aa000 	/usr/lib/libobjc.A.dylib
0x00007ff81b415000 	/System/Library/Frameworks/ColorSync.framework/Versions/A/ColorSync
0x00007ff815a63000 	/System/Library/Frameworks/CoreFoundation.framework/Versions/A/CoreFoundation
0x00007ff81ec6b000 	/System/Library/Frameworks/CoreImage.framework/Versions/A/CoreImage
0x00007ff817151000 	/System/Library/Frameworks/CoreText.framework/Versions/A/CoreText
0x00007ff81ea21000 	/System/Library/Frameworks/ImageIO.framework/Versions/A/ImageIO
0x00007ff82078e000 	/System/Library/PrivateFrameworks/SoftLinking.framework/Versions/A/SoftLinking
0x00007ff81d176000 	/usr/lib/libxml2.2.dylib
0x00007ff815970000 	/usr/lib/libc++.1.dylib
0x00007ff820a12000 	/usr/lib/libcompression.dylib
0x00007ff8224ce000 	/System/Library/PrivateFrameworks/TextureIO.framework/Versions/A/TextureIO
0x00007ff821105000 	/usr/lib/libate.dylib
0x00007ff820783000 	/usr/lib/system/libcache.dylib
0x00007ff82073f000 	/usr/lib/system/libcommonCrypto.dylib
0x00007ff820768000 	/usr/lib/system/libcompiler_rt.dylib
0x00007ff82075e000 	/usr/lib/system/libcopyfile.dylib
0x00007ff8157a4000 	/usr/lib/system/libcorecrypto.dylib
0x00007ff815863000 	/usr/lib/system/libdispatch.dylib
0x00007ff815a22000 	/usr/lib/system/libdyld.dylib
0x00007ff82077a000 	/usr/lib/system/libkeymgr.dylib
0x00007ff82071d000 	/usr/lib/system/libmacho.dylib
0x00007ff81fdad000 	/usr/lib/system/libquarantine.dylib
0x00007ff820778000 	/usr/lib/system/libremovefile.dylib
0x00007ff81a986000 	/usr/lib/system/libsystem_asl.dylib
0x00007ff815752000 	/usr/lib/system/libsystem_blocks.dylib
0x00007ff8158e7000 	/usr/lib/system/libsystem_c.dylib
0x00007ff820770000 	/usr/lib/system/libsystem_collections.dylib
0x00007ff81f055000 	/usr/lib/system/libsystem_configuration.dylib
0x00007ff81e316000 	/usr/lib/system/libsystem_containermanager.dylib
0x00007ff82045a000 	/usr/lib/system/libsystem_coreservices.dylib
0x00007ff81804c000 	/usr/lib/system/libsystem_darwin.dylib
0x00007ff82077b000 	/usr/lib/system/libsystem_dnssd.dylib
0x00007ff8158e4000 	/usr/lib/system/libsystem_featureflags.dylib
0x00007ff815a38000 	/usr/lib/system/libsystem_info.dylib
0x00007ff8206bb000 	/usr/lib/system/libsystem_m.dylib
0x00007ff815837000 	/usr/lib/system/libsystem_malloc.dylib
0x00007ff81a923000 	/usr/lib/system/libsystem_networkextension.dylib
0x00007ff818474000 	/usr/lib/system/libsystem_notify.dylib
0x00007ff8268f7000 	/usr/lib/system/libsystem_product_info_filter.dylib
0x00007ff81f059000 	/usr/lib/system/libsystem_sandbox.dylib
0x00007ff820775000 	/usr/lib/system/libsystem_secinit.dylib
0x00007ff8159df000 	/usr/lib/system/libsystem_kernel.dylib
0x00007ff815a2e000 	/usr/lib/system/libsystem_platform.dylib
0x00007ff815a16000 	/usr/lib/system/libsystem_pthread.dylib
0x00007ff81c1db000 	/usr/lib/system/libsystem_symptoms.dylib
0x00007ff81578b000 	/usr/lib/system/libsystem_trace.dylib
0x00007ff82074b000 	/usr/lib/system/libunwind.dylib
0x00007ff815754000 	/usr/lib/system/libxpc.dylib
0x00007ff8159c9000 	/usr/lib/libc++abi.dylib
0x00007ff820756000 	/usr/lib/liboah.dylib
0x00007ff820ee3000 	/usr/lib/liblzma.5.dylib
0x00007ff8165fa000 	/System/Library/Frameworks/SystemConfiguration.framework/Versions/A/SystemConfiguration
0x00007ff82078a000 	/usr/lib/libfakelink.dylib
0x00007ff81a48c000 	/System/Library/Frameworks/CFNetwork.framework/Versions/A/CFNetwork
0x00007ff8208c9000 	/usr/lib/libarchive.2.dylib
0x00007ff81f060000 	/System/Library/PrivateFrameworks/AppleSystemInfo.framework/Versions/A/AppleSystemInfo
0x00007ff81fdd4000 	/usr/lib/libbsm.0.dylib
0x00007ff819ac2000 	/usr/lib/libnetwork.dylib
0x00007ff820723000 	/usr/lib/system/libkxld.dylib
0x00007ff81fa02000 	/System/Library/PrivateFrameworks/IOMobileFramebuffer.framework/Versions/A/IOMobileFramebuffer
0x00007ffb2b47c000 	/usr/lib/libCoreEntitlements.dylib
0x00007ff82043c000 	/System/Library/PrivateFrameworks/AppleFSCompression.framework/Versions/A/AppleFSCompression
0x00007ff81fdbc000 	/usr/lib/libcoretls.dylib
0x00007ff820efd000 	/usr/lib/libcoretls_cfhelpers.dylib
0x00007ff820a0d000 	/usr/lib/libpam.2.dylib
0x00007ff81bdfd000 	/usr/lib/libsqlite3.dylib
0x00007ff820f6c000 	/usr/lib/libxar.1.dylib
0x00007ff82044c000 	/usr/lib/libbz2.1.0.dylib
0x00007ff82078f000 	/usr/lib/libpcap.A.dylib
0x00007ff81c1d2000 	/usr/lib/libdns_services.dylib
0x00007ff8209dc000 	/usr/lib/libapple_nghttp2.dylib
0x00007ff8207c6000 	/usr/lib/libiconv.2.dylib
0x00007ff82071c000 	/usr/lib/libcharset.1.dylib
0x00007ff81d0f9000 	/System/Library/Frameworks/CoreServices.framework/Versions/A/Frameworks/FSEvents.framework/Versions/A/FSEvents
0x00007ff818056000 	/System/Library/Frameworks/CoreServices.framework/Versions/A/Frameworks/CarbonCore.framework/Versions/A/CarbonCore
0x00007ff81c415000 	/System/Library/Frameworks/CoreServices.framework/Versions/A/Frameworks/Metadata.framework/Versions/A/Metadata
0x00007ff82045f000 	/System/Library/Frameworks/CoreServices.framework/Versions/A/Frameworks/OSServices.framework/Versions/A/OSServices
0x00007ff820950000 	/System/Library/Frameworks/CoreServices.framework/Versions/A/Frameworks/SearchKit.framework/Versions/A/SearchKit
0x00007ff81c164000 	/System/Library/Frameworks/CoreServices.framework/Versions/A/Frameworks/AE.framework/Versions/A/AE
0x00007ff815f66000 	/System/Library/Frameworks/CoreServices.framework/Versions/A/Frameworks/LaunchServices.framework/Versions/A/LaunchServices
0x00007ff820e94000 	/System/Library/Frameworks/CoreServices.framework/Versions/A/Frameworks/DictionaryServices.framework/Versions/A/DictionaryServices
0x00007ff81d106000 	/System/Library/Frameworks/CoreServices.framework/Versions/A/Frameworks/SharedFileList.framework/Versions/A/SharedFileList
0x00007ff81fdb0000 	/usr/lib/libCheckFix.dylib
0x00007ff81a99d000 	/System/Library/PrivateFrameworks/TCC.framework/Versions/A/TCC
0x00007ff81f066000 	/System/Library/PrivateFrameworks/CoreNLP.framework/Versions/A/CoreNLP
0x00007ff81c3c5000 	/System/Library/PrivateFrameworks/MetadataUtilities.framework/Versions/A/MetadataUtilities
0x00007ff8166aa000 	/usr/lib/libmecabra.dylib
0x00007ff81fde4000 	/usr/lib/libmecab.dylib
0x00007ff816675000 	/usr/lib/libCRFSuite.dylib
0x00007ff81fe41000 	/usr/lib/libgermantok.dylib
0x00007ff8209b7000 	/usr/lib/libThaiTokenizer.dylib
0x00007ff81c4b7000 	/System/Library/Frameworks/Accelerate.framework/Versions/A/Frameworks/vImage.framework/Versions/A/vImage
0x00007ff8269f9000 	/System/Library/Frameworks/Accelerate.framework/Versions/A/Frameworks/vecLib.framework/Versions/A/vecLib
0x00007ff820fad000 	/System/Library/Frameworks/Accelerate.framework/Versions/A/Frameworks/vecLib.framework/Versions/A/libvMisc.dylib
0x00007ff81f820000 	/System/Library/Frameworks/Accelerate.framework/Versions/A/Frameworks/vecLib.framework/Versions/A/libvDSP.dylib
0x00007ff8162de000 	/System/Library/Frameworks/Accelerate.framework/Versions/A/Frameworks/vecLib.framework/Versions/A/libBLAS.dylib
0x00007ff820aee000 	/System/Library/Frameworks/Accelerate.framework/Versions/A/Frameworks/vecLib.framework/Versions/A/libLAPACK.dylib
0x00007ff81fe44000 	/System/Library/Frameworks/Accelerate.framework/Versions/A/Frameworks/vecLib.framework/Versions/A/libLinearAlgebra.dylib
0x00007ff8209f5000 	/System/Library/Frameworks/Accelerate.framework/Versions/A/Frameworks/vecLib.framework/Versions/A/libSparseBLAS.dylib
0x00007ff820ae8000 	/System/Library/Frameworks/Accelerate.framework/Versions/A/Frameworks/vecLib.framework/Versions/A/libQuadrature.dylib
0x00007ff81f150000 	/System/Library/Frameworks/Accelerate.framework/Versions/A/Frameworks/vecLib.framework/Versions/A/libBNNS.dylib
0x00007ff81658b000 	/System/Library/Frameworks/Accelerate.framework/Versions/A/Frameworks/vecLib.framework/Versions/A/libSparse.dylib
0x00007ff81f149000 	/System/Library/PrivateFrameworks/LinguisticData.framework/Versions/A/LinguisticData
0x00007ff816540000 	/System/Library/PrivateFrameworks/Lexicon.framework/Versions/A/Lexicon
0x00007ff820fa6000 	/usr/lib/libChineseTokenizer.dylib
0x00007ff816ca4000 	/System/Library/PrivateFrameworks/LanguageModeling.framework/Versions/A/LanguageModeling
0x00007ff8209b9000 	/System/Library/PrivateFrameworks/AppleSauce.framework/Versions/A/AppleSauce
0x00007ff81f9f0000 	/System/Library/PrivateFrameworks/CoreEmoji.framework/Versions/A/CoreEmoji
0x00007ff8208b8000 	/usr/lib/libcmph.dylib
0x00007ff81d0dd000 	/System/Library/Frameworks/OpenDirectory.framework/Versions/A/Frameworks/CFOpenDirectory.framework/Versions/A/CFOpenDirectory
0x00007ff81d0d1000 	/System/Library/Frameworks/OpenDirectory.framework/Versions/A/OpenDirectory
0x00007ff820eff000 	/System/Library/PrivateFrameworks/APFS.framework/Versions/A/APFS
0x00007ff81fd11000 	/System/Library/Frameworks/SecurityFoundation.framework/Versions/A/SecurityFoundation
0x00007ff820f7a000 	/usr/lib/libutil.dylib
0x00007ff818381000 	/System/Library/PrivateFrameworks/CoreServicesStore.framework/Versions/A/CoreServicesStore
0x00007ff820f7e000 	/usr/lib/libxslt.1.dylib
0x00007ff81fd9e000 	/System/Library/PrivateFrameworks/BackgroundTaskManagement.framework/Versions/A/BackgroundTaskManagement
0x00007ff8223ee000 	/System/Library/Frameworks/ImageIO.framework/Versions/A/Resources/libRadiance.dylib
0x00007ff8223f7000 	/System/Library/Frameworks/ImageIO.framework/Versions/A/Resources/libJPEG.dylib
0x00007ff822347000 	/System/Library/Frameworks/ImageIO.framework/Versions/A/Resources/libPng.dylib
0x00007ff822368000 	/System/Library/Frameworks/ImageIO.framework/Versions/A/Resources/libTIFF.dylib
0x00007ff822457000 	/System/Library/Frameworks/ImageIO.framework/Versions/A/Resources/libGIF.dylib
0x00007ff821c78000 	/System/Library/Frameworks/ImageIO.framework/Versions/A/Resources/libJP2.dylib
0x00007ff8213ba000 	/usr/lib/libexpat.1.dylib
0x00007ff821c2d000 	/System/Library/PrivateFrameworks/AppleJPEG.framework/Versions/A/AppleJPEG
0x00007ff81e5a9000 	/System/Library/PrivateFrameworks/FontServices.framework/libFontParser.dylib
0x00007ff81c10e000 	/System/Library/PrivateFrameworks/RunningBoardServices.framework/Versions/A/RunningBoardServices
0x00007ff82cbc7000 	/System/Library/PrivateFrameworks/IOSurfaceAccelerator.framework/Versions/A/IOSurfaceAccelerator
0x00007ff821d5b000 	/System/Library/PrivateFrameworks/WatchdogClient.framework/Versions/A/WatchdogClient
0x00007ff816d93000 	/System/Library/Frameworks/CoreDisplay.framework/Versions/A/CoreDisplay
0x00007ff81e4a8000 	/System/Library/Frameworks/CoreMedia.framework/Versions/A/CoreMedia
0x00007ff81e345000 	/System/Library/PrivateFrameworks/IOAccelerator.framework/Versions/A/IOAccelerator
0x00007ff81d259000 	/System/Library/Frameworks/CoreVideo.framework/Versions/A/CoreVideo
0x00007ff820a0b000 	/System/Library/Frameworks/MetalPerformanceShaders.framework/Versions/A/MetalPerformanceShaders
0x00007ff821d96000 	/System/Library/Frameworks/VideoToolbox.framework/Versions/A/VideoToolbox
0x00007ff81c056000 	/System/Library/PrivateFrameworks/BaseBoard.framework/Versions/A/BaseBoard
0x00007ff81bde3000 	/System/Library/PrivateFrameworks/ProtocolBuffer.framework/Versions/A/ProtocolBuffer
0x00007ff8223e7000 	/System/Library/PrivateFrameworks/GPUWrangler.framework/Versions/A/GPUWrangler
0x00007ff8223ca000 	/System/Library/PrivateFrameworks/IOPresentment.framework/Versions/A/IOPresentment
0x00007ff8223f1000 	/System/Library/PrivateFrameworks/DSExternalDisplay.framework/Versions/A/DSExternalDisplay
0x00007ffa2d6c2000 	/System/Library/Frameworks/OpenGL.framework/Versions/A/Libraries/libCoreFSCache.dylib
0x00007ffb19766000 	/System/Library/PrivateFrameworks/GPUCompiler.framework/Versions/31001/Libraries/libGPUCompilerUtils.dylib
0x00007ff82245c000 	/System/Library/PrivateFrameworks/CMCaptureCore.framework/Versions/A/CMCaptureCore
0x00007ff821966000 	/System/Library/PrivateFrameworks/AppServerSupport.framework/Versions/A/AppServerSupport
0x00007ff823b43000 	/System/Library/PrivateFrameworks/perfdata.framework/Versions/A/perfdata
0x00007ff816ebf000 	/System/Library/PrivateFrameworks/AudioToolboxCore.framework/Versions/A/AudioToolboxCore
0x00007ff81e485000 	/System/Library/PrivateFrameworks/caulk.framework/Versions/A/caulk
0x00007ff823467000 	/usr/lib/libAudioStatistics.dylib
0x00007ff91a794000 	/System/Library/PrivateFrameworks/SystemPolicy.framework/Versions/A/SystemPolicy
0x00007ff8236bc000 	/usr/lib/libSMC.dylib
0x00007ff82c500000 	/System/Library/Frameworks/CoreMIDI.framework/Versions/A/CoreMIDI
0x00007ff822317000 	/usr/lib/libAudioToolboxUtility.dylib
0x00007ff916ba6000 	/System/Library/PrivateFrameworks/OSAServicesClient.framework/Versions/A/OSAServicesClient
0x00007ff823b50000 	/usr/lib/libperfcheck.dylib
0x00007ff91b226000 	/usr/lib/libmis.dylib
0x00007ffa2d71e000 	/System/Library/Frameworks/OpenGL.framework/Versions/A/Libraries/libGLU.dylib
0x00007ffa2d6e1000 	/System/Library/Frameworks/OpenGL.framework/Versions/A/Libraries/libGFXShared.dylib
0x00007ffa2d8ef000 	/System/Library/Frameworks/OpenGL.framework/Versions/A/Libraries/libGL.dylib
0x00007ffa2d6ea000 	/System/Library/Frameworks/OpenGL.framework/Versions/A/Libraries/libGLImage.dylib
0x00007ffa2d6de000 	/System/Library/Frameworks/OpenGL.framework/Versions/A/Libraries/libCVMSPluginSupport.dylib
0x00007ffa2d6c9000 	/System/Library/Frameworks/OpenGL.framework/Versions/A/Libraries/libCoreVMClient.dylib
0x00007ff81efe4000 	/System/Library/Frameworks/MetalPerformanceShaders.framework/Versions/A/Frameworks/MPSCore.framework/Versions/A/MPSCore
0x00007ff8203a7000 	/System/Library/Frameworks/MetalPerformanceShaders.framework/Versions/A/Frameworks/MPSImage.framework/Versions/A/MPSImage
0x00007ff81fe5a000 	/System/Library/Frameworks/MetalPerformanceShaders.framework/Versions/A/Frameworks/MPSNeuralNetwork.framework/Versions/A/MPSNeuralNetwork
0x00007ff8202cf000 	/System/Library/Frameworks/MetalPerformanceShaders.framework/Versions/A/Frameworks/MPSMatrix.framework/Versions/A/MPSMatrix
0x00007ff82008b000 	/System/Library/Frameworks/MetalPerformanceShaders.framework/Versions/A/Frameworks/MPSRayIntersector.framework/Versions/A/MPSRayIntersector
0x00007ff820308000 	/System/Library/Frameworks/MetalPerformanceShaders.framework/Versions/A/Frameworks/MPSNDArray.framework/Versions/A/MPSNDArray
0x00007ffa322e0000 	/System/Library/Frameworks/MetalPerformanceShaders.framework/Versions/A/Frameworks/MPSFunctions.framework/Versions/A/MPSFunctions
0x00007ff8161c1000 	/System/Library/PrivateFrameworks/MetalTools.framework/Versions/A/MetalTools
0x00007ff81f05e000 	/System/Library/PrivateFrameworks/AggregateDictionary.framework/Versions/A/AggregateDictionary
0x00007ff82119c000 	/usr/lib/libIOReport.dylib
0x00007ffa2ecfe000 	/System/Library/Frameworks/OpenCL.framework/Versions/A/OpenCL
0x00007ff821500000 	/System/Library/PrivateFrameworks/FaceCore.framework/Versions/A/FaceCore
0x00007ff8214f1000 	/System/Library/PrivateFrameworks/GraphVisualizer.framework/Versions/A/GraphVisualizer
0x00007ffb19671000 	/System/Library/PrivateFrameworks/FontServices.framework/Versions/A/FontServices
0x00007ff82191d000 	/System/Library/PrivateFrameworks/OTSVG.framework/Versions/A/OTSVG
0x00007ff81ce41000 	/System/Library/Frameworks/ApplicationServices.framework/Versions/A/Frameworks/ATS.framework/Versions/A/Resources/libFontRegistry.dylib
0x00007ff82196e000 	/System/Library/PrivateFrameworks/FontServices.framework/libhvf.dylib
0x00007ffb19672000 	/System/Library/PrivateFrameworks/FontServices.framework/libXTFontStaticRegistryData.dylib
0x00007ff82136a000 	/System/Library/PrivateFrameworks/AppleVA.framework/Versions/A/AppleVA
0x00007ff82348b000 	/System/Library/Frameworks/ApplicationServices.framework/Versions/A/Frameworks/ATS.framework/Versions/A/ATS
0x00007ff81b511000 	/System/Library/Frameworks/ApplicationServices.framework/Versions/A/Frameworks/HIServices.framework/Versions/A/HIServices
0x00007ff822466000 	/System/Library/Frameworks/ApplicationServices.framework/Versions/A/Frameworks/PrintCore.framework/Versions/A/PrintCore
0x00007ff82380f000 	/System/Library/Frameworks/ApplicationServices.framework/Versions/A/Frameworks/QD.framework/Versions/A/QD
0x00007ff823807000 	/System/Library/Frameworks/ApplicationServices.framework/Versions/A/Frameworks/ColorSyncLegacy.framework/Versions/A/ColorSyncLegacy
0x00007ff82347b000 	/System/Library/Frameworks/ApplicationServices.framework/Versions/A/Frameworks/SpeechSynthesis.framework/Versions/A/SpeechSynthesis
0x00007ff822427000 	/System/Library/Frameworks/ApplicationServices.framework/Versions/A/Frameworks/ATSUI.framework/Versions/A/ATSUI
0x00007ff82379c000 	/usr/lib/libcups.2.dylib
0x00007ff823b5f000 	/System/Library/Frameworks/Kerberos.framework/Versions/A/Kerberos
0x00007ff823b6e000 	/System/Library/Frameworks/GSS.framework/Versions/A/GSS
0x00007ff8234f7000 	/usr/lib/libresolv.9.dylib
0x00007ff82197d000 	/System/Library/PrivateFrameworks/Heimdal.framework/Versions/A/Heimdal
0x00007ff82a657000 	/System/Library/Frameworks/Kerberos.framework/Versions/A/Libraries/libHeimdalProxy.dylib
0x00007ff81c1e3000 	/System/Library/Frameworks/Network.framework/Versions/A/Network
0x00007ff8213d4000 	/usr/lib/libheimdal-asn1.dylib
0x00007ff823bba000 	/System/Library/PrivateFrameworks/CommonAuth.framework/Versions/A/CommonAuth
0x00007ff8233f8000 	/System/Library/PrivateFrameworks/AudioSession.framework/Versions/A/AudioSession
0x00007ff821464000 	/System/Library/PrivateFrameworks/MediaExperience.framework/Versions/A/MediaExperience
0x00007ff82328c000 	/System/Library/PrivateFrameworks/AudioSession.framework/libSessionUtility.dylib
0x00007ff82381b000 	/System/Library/PrivateFrameworks/AudioResourceArbitration.framework/Versions/A/AudioResourceArbitration
0x00007ff82780c000 	/System/Library/PrivateFrameworks/PowerLog.framework/Versions/A/PowerLog
0x00007ff8213dd000 	/System/Library/PrivateFrameworks/IconFoundation.framework/Versions/A/IconFoundation
0x00007ff826626000 	/System/Library/PrivateFrameworks/SpeechRecognitionCore.framework/Versions/A/SpeechRecognitionCore
0x000000010b584000 	/usr/local/Cellar/openjdk@11/11.0.12/libexec/openjdk.jdk/Contents/Home/lib/server/libjvm.dylib
0x000000010a8f7000 	/usr/local/Cellar/openjdk@11/11.0.12/libexec/openjdk.jdk/Contents/Home/lib/libverify.dylib
0x000000010a939000 	/usr/local/Cellar/openjdk@11/11.0.12/libexec/openjdk.jdk/Contents/Home/lib/libjava.dylib
0x000000010a90b000 	/usr/local/Cellar/openjdk@11/11.0.12/libexec/openjdk.jdk/Contents/Home/lib/libjimage.dylib
0x000000010a925000 	/usr/local/Cellar/openjdk@11/11.0.12/libexec/openjdk.jdk/Contents/Home/lib/libzip.dylib
0x000000010b3e6000 	/usr/local/Cellar/openjdk@11/11.0.12/libexec/openjdk.jdk/Contents/Home/lib/libnio.dylib
0x000000010b418000 	/usr/local/Cellar/openjdk@11/11.0.12/libexec/openjdk.jdk/Contents/Home/lib/libnet.dylib
0x000000010b3fe000 	/Users/ferbpp/.openjfx/cache/17.0.1/libprism_es2.dylib
0x00007ff818342000 	/System/Library/PrivateFrameworks/CoreServicesInternal.framework/Versions/A/CoreServicesInternal
0x00007ffa2d8fa000 	/System/Library/Frameworks/OpenGL.framework/Versions/A/Resources/GLEngine.bundle/GLEngine
0x00007ffa2d75c000 	/System/Library/Frameworks/OpenGL.framework/Versions/A/Libraries/libGLProgrammability.dylib
0x00007ffa25430000 	/System/Library/Extensions/AppleIntelBDWGraphicsGLDriver.bundle/Contents/MacOS/AppleIntelBDWGraphicsGLDriver
0x00007ff9250ef000 	/System/Library/PrivateFrameworks/GPUSupport.framework/Versions/A/Libraries/libGPUSupportMercury.dylib
0x00007ffa2da89000 	/System/Library/Frameworks/OpenGL.framework/Versions/A/Resources/GLRendererFloat.bundle/GLRendererFloat
0x000000012c86e000 	/Users/ferbpp/.openjfx/cache/17.0.1/libglass.dylib
0x00007ff827dfd000 	/System/Library/Frameworks/FileProvider.framework/Versions/A/FileProvider
0x00007ff81bfc2000 	/System/Library/Frameworks/Accounts.framework/Versions/A/Accounts
0x00007ff827f74000 	/System/Library/PrivateFrameworks/GenerationalStorage.framework/Versions/A/GenerationalStorage
0x00007ff828a86000 	/System/Library/PrivateFrameworks/CoreSymbolication.framework/Versions/A/CoreSymbolication
0x00007ff827801000 	/System/Library/PrivateFrameworks/SymptomDiagnosticReporter.framework/Versions/A/SymptomDiagnosticReporter
0x00007ff819603000 	/System/Library/PrivateFrameworks/DesktopServicesPriv.framework/Versions/A/DesktopServicesPriv
0x00007ff818483000 	/usr/lib/libsandbox.1.dylib
0x00007ff81d2d8000 	/System/Library/PrivateFrameworks/UserManagement.framework/Versions/A/UserManagement
0x00007ff828a4b000 	/System/Library/PrivateFrameworks/DebugSymbols.framework/Versions/A/DebugSymbols
0x00007ff8237fc000 	/System/Library/PrivateFrameworks/NetAuth.framework/Versions/A/NetAuth
0x00007ff8246ea000 	/System/Library/PrivateFrameworks/Sharing.framework/Versions/A/Sharing
0x00007ff81d2ab000 	/System/Library/PrivateFrameworks/login.framework/Versions/A/Frameworks/loginsupport.framework/Versions/A/loginsupport
0x00007ff829b8b000 	/System/Library/PrivateFrameworks/Apple80211.framework/Versions/A/Apple80211
0x00007ff82048c000 	/System/Library/PrivateFrameworks/AuthKit.framework/Versions/A/AuthKit
0x00007ff81fae6000 	/System/Library/PrivateFrameworks/CoreUtils.framework/Versions/A/CoreUtils
0x00007ff81fa0d000 	/System/Library/Frameworks/CoreWLAN.framework/Versions/A/CoreWLAN
0x00007ff824845000 	/System/Library/Frameworks/IOBluetooth.framework/Versions/A/IOBluetooth
0x00007ff829bf3000 	/System/Library/PrivateFrameworks/CoreWiFi.framework/Versions/A/CoreWiFi
0x00007ff828620000 	/System/Library/PrivateFrameworks/FrontBoardServices.framework/Versions/A/FrontBoardServices
0x00007ff8286b2000 	/System/Library/PrivateFrameworks/BoardServices.framework/Versions/A/BoardServices
0x00007ff81fd00000 	/System/Library/PrivateFrameworks/AssertionServices.framework/Versions/A/AssertionServices
0x00007ff829d77000 	/System/Library/PrivateFrameworks/BackBoardServices.framework/Versions/A/BackBoardServices
0x00007ff823c49000 	/System/Library/PrivateFrameworks/CorePhoneNumbers.framework/Versions/A/CorePhoneNumbers
0x00007ff82791e000 	/System/Library/PrivateFrameworks/DiskManagement.framework/Versions/A/DiskManagement
0x00007ff827832000 	/System/Library/PrivateFrameworks/AppleIDAuthSupport.framework/Versions/A/AppleIDAuthSupport
0x00007ffa34276000 	/System/Library/PrivateFrameworks/AAAFoundation.framework/Versions/A/AAAFoundation
0x00007ff823c2a000 	/System/Library/PrivateFrameworks/KeychainCircle.framework/Versions/A/KeychainCircle
0x00007ff8278ea000 	/System/Library/PrivateFrameworks/MediaKit.framework/Versions/A/MediaKit
0x00007ff82783e000 	/System/Library/Frameworks/DiscRecording.framework/Versions/A/DiscRecording
0x00007ff8212e2000 	/usr/lib/libCoreStorage.dylib
0x00007ff82a066000 	/usr/lib/libcsfde.dylib
0x00007ff824912000 	/System/Library/PrivateFrameworks/ProtectedCloudStorage.framework/Versions/A/ProtectedCloudStorage
0x00007ff82a062000 	/System/Library/PrivateFrameworks/EFILogin.framework/Versions/A/EFILogin
0x00007ff827f9a000 	/System/Library/PrivateFrameworks/OctagonTrust.framework/Versions/A/OctagonTrust
0x00007ffb18993000 	/System/Library/PrivateFrameworks/CoreUtilsExtras.framework/Versions/A/CoreUtilsExtras
0x00007ff827774000 	/System/Library/Frameworks/CoreBluetooth.framework/Versions/A/CoreBluetooth
0x00007ff82a6dc000 	/System/Library/Frameworks/AudioUnit.framework/Versions/A/AudioUnit
0x00007ff8212da000 	/usr/lib/libMatch.1.dylib
0x00007ff91f675000 	/System/Library/Frameworks/Accelerate.framework/Versions/A/Frameworks/vImage.framework/Versions/A/Libraries/libCGInterfaces.dylib
0x000000012e078000 	/usr/lib/libobjc-trampolines.dylib
0x00007ff81cfd1000 	/System/Library/PrivateFrameworks/ViewBridge.framework/Versions/A/ViewBridge


VM Arguments:
jvm_args: --module-path=/Users/ferbpp/.m2/repository/org/openjfx/javafx-base/17.0.1/javafx-base-17.0.1-mac.jar:/Users/ferbpp/.m2/repository/org/openjfx/javafx-base/17.0.1/javafx-base-17.0.1.jar:/Users/ferbpp/.m2/repository/org/openjfx/javafx-controls/17.0.1/javafx-controls-17.0.1-mac.jar:/Users/ferbpp/.m2/repository/org/openjfx/javafx-controls/17.0.1/javafx-controls-17.0.1.jar:/Users/ferbpp/.m2/repository/org/openjfx/javafx-graphics/17.0.1/javafx-graphics-17.0.1-mac.jar:/Users/ferbpp/.m2/repository/org/openjfx/javafx-graphics/17.0.1/javafx-graphics-17.0.1.jar --add-modules=javafx.base,javafx.controls,javafx.graphics 
java_command: Main
java_class_path (initial): /Users/ferbpp/Documents/portfolio/pathfinder/target/classes
Launcher Type: SUN_STANDARD

[Global flags]
     intx CICompilerCount                          = 3                                         {product} {ergonomic}
     uint ConcGCThreads                            = 1                                         {product} {ergonomic}
     uint G1ConcRefinementThreads                  = 4                                         {product} {ergonomic}
   size_t G1HeapRegionSize                         = 1048576                                   {product} {ergonomic}
    uintx GCDrainStackTargetSize                   = 64                                        {product} {ergonomic}
   size_t InitialHeapSize                          = 134217728                                 {product} {ergonomic}
   size_t MarkStackSize                            = 4194304                                   {product} {ergonomic}
   size_t MaxHeapSize                              = 2147483648                                {product} {ergonomic}
   size_t MaxNewSize                               = 1287651328                                {product} {ergonomic}
   size_t MinHeapDeltaBytes                        = 1048576                                   {product} {ergonomic}
    uintx NonNMethodCodeHeapSize                   = 5830732                                {pd product} {ergonomic}
    uintx NonProfiledCodeHeapSize                  = 122913754                              {pd product} {ergonomic}
    uintx ProfiledCodeHeapSize                     = 122913754                              {pd product} {ergonomic}
    uintx ReservedCodeCacheSize                    = 251658240                              {pd product} {ergonomic}
     bool SegmentedCodeCache                       = true                                      {product} {ergonomic}
     bool UseCompressedClassPointers               = true                                 {lp64_product} {ergonomic}
     bool UseCompressedOops                        = true                                 {lp64_product} {ergonomic}
     bool UseG1GC                                  = true                                      {product} {ergonomic}

Logging:
Log output configuration:
 #0: stdout all=warning uptime,level,tags
 #1: stderr all=off uptime,level,tags

Environment Variables:
JAVA_HOME=/usr/local/Cellar/openjdk@11/11.0.12/libexec/openjdk.jdk/Contents/Home
PATH=/usr/local/mysql/bin:/usr/local/opt/tomcat@9/bin:/usr/local/mysql/bin:/usr/local/opt/tomcat@9/bin:/usr/local/bin:/usr/bin:/bin:/usr/sbin:/sbin:/usr/local/mysql/bin:/usr/local/opt/tomcat@9/bin
SHELL=/bin/zsh
LANG=es_MX.UTF-8
LC_CTYPE=UTF-8

Signal Handlers:
SIGSEGV: [libjvm.dylib+0x75673a], sa_mask[0]=11111111011111110111111111111111, sa_flags=SA_ONSTACK|SA_RESTART|SA_SIGINFO
SIGBUS: [libjvm.dylib+0x75673a], sa_mask[0]=11111111011111110111111111111111, sa_flags=SA_RESTART|SA_SIGINFO
SIGFPE: [libjvm.dylib+0x75673a], sa_mask[0]=11111111011111110111111111111111, sa_flags=SA_RESTART|SA_SIGINFO
SIGPIPE: [libjvm.dylib+0x60f869], sa_mask[0]=11111111011111110111111111111111, sa_flags=SA_RESTART|SA_SIGINFO
SIGXFSZ: [libjvm.dylib+0x60f869], sa_mask[0]=11111111011111110111111111111111, sa_flags=SA_RESTART|SA_SIGINFO
SIGILL: [libjvm.dylib+0x75673a], sa_mask[0]=11111111011111110111111111111111, sa_flags=SA_RESTART|SA_SIGINFO
SIGUSR2: [libjvm.dylib+0x60fe48], sa_mask[0]=00100000000000000000000000000000, sa_flags=SA_RESTART|SA_SIGINFO
SIGHUP: [libjvm.dylib+0x60ea09], sa_mask[0]=11111111011111110111111111111111, sa_flags=SA_RESTART|SA_SIGINFO
SIGINT: [libjvm.dylib+0x60ea09], sa_mask[0]=11111111011111110111111111111111, sa_flags=SA_RESTART|SA_SIGINFO
SIGTERM: [libjvm.dylib+0x60ea09], sa_mask[0]=11111111011111110111111111111111, sa_flags=SA_RESTART|SA_SIGINFO
SIGQUIT: [libjvm.dylib+0x60ea09], sa_mask[0]=11111111011111110111111111111111, sa_flags=SA_RESTART|SA_SIGINFO


---------------  S Y S T E M  ---------------

OS:uname:Darwin 21.2.0 Darwin Kernel Version 21.2.0: Sun Nov 28 20:28:54 PST 2021; root:xnu-8019.61.5~1/RELEASE_X86_64 x86_64
OS uptime: 8 days 12:35 hours
rlimit (soft/hard): STACK 8192k/65532k , CORE 0k/infinity , NPROC 1392/1392 , NOFILE 10240/infinity , AS infinity/infinity , CPU infinity/infinity , DATA infinity/infinity , FSIZE infinity/infinity , MEMLOCK infinity/infinity , RSS infinity/infinity
load average:2.10 2.64 2.63

CPU:total 4 (initial active 4) (2 cores per cpu, 2 threads per core) family 6 model 61 stepping 4 microcode 0x2f, cmov, cx8, fxsr, mmx, sse, sse2, sse3, ssse3, sse4.1, sse4.2, popcnt, avx, avx2, aes, clmul, erms, 3dnowpref, lzcnt, ht, tsc, tscinvbit, bmi1, bmi2, adx, fma

Memory: 4k page, physical 8388608k(97384k free), swap 2097152k(1300224k free)

vm_info: OpenJDK 64-Bit Server VM (11.0.12+0) for bsd-amd64 JRE (11.0.12+0), built on Aug 16 2021 02:56:19 by "brew" with clang Apple LLVM 12.0.5 (clang-1205.0.22.9)

END.
