#
# A fatal error has been detected by the Java Runtime Environment:
#
#  Internal Error (safepoint.cpp:919), pid=36248, tid=37383
#  fatal error: Illegal threadstate encountered: 4
#
# JRE version: OpenJDK Runtime Environment Homebrew (11.0.12) (build 11.0.12+0)
# Java VM: OpenJDK 64-Bit Server VM Homebrew (11.0.12+0, mixed mode, tiered, compressed oops, g1 gc, bsd-amd64)
# No core dump will be written. Core dumps have been disabled. To enable core dumping, try "ulimit -c unlimited" before starting Java again
#
# If you would like to submit a bug report, please visit:
#   https://github.com/Homebrew/homebrew-core/issues
# The crash happened outside the Java Virtual Machine in native code.
# See problematic frame for where to report the bug.
#

---------------  S U M M A R Y ------------

Command Line: --module-path=/Users/ferbpp/.m2/repository/org/openjfx/javafx-base/17.0.1/javafx-base-17.0.1-mac.jar:/Users/ferbpp/.m2/repository/org/openjfx/javafx-base/17.0.1/javafx-base-17.0.1.jar:/Users/ferbpp/.m2/repository/org/openjfx/javafx-controls/17.0.1/javafx-controls-17.0.1-mac.jar:/Users/ferbpp/.m2/repository/org/openjfx/javafx-controls/17.0.1/javafx-controls-17.0.1.jar:/Users/ferbpp/.m2/repository/org/openjfx/javafx-graphics/17.0.1/javafx-graphics-17.0.1-mac.jar:/Users/ferbpp/.m2/repository/org/openjfx/javafx-graphics/17.0.1/javafx-graphics-17.0.1.jar --add-modules=javafx.base,javafx.controls,javafx.graphics Main

Host: MacBookPro12,1 x86_64 2700 MHz, 4 cores, 8G, Darwin 21.2.0
Time: Fri Feb 11 15:27:36 2022 CST elapsed time: 77.036772 seconds (0d 0h 1m 17s)

---------------  T H R E A D  ---------------

Current thread (0x00007f7e30924000):  JavaThread "InvokeLaterDispatcher" daemon [_thread_in_native, id=37383, stack(0x000070000f2c5000,0x000070000f3c5000)]

Stack: [0x000070000f2c5000,0x000070000f3c5000],  sp=0x000070000f3c3290,  free space=1016k
Native frames: (J=compiled Java code, A=aot compiled Java code, j=interpreted, Vv=VM code, C=native code)
V  [libjvm.dylib+0x75595a]  _ZN7VMError14report_and_dieEiPKcS1_P13__va_list_tagP6ThreadPhPvS7_S1_im+0x652
V  [libjvm.dylib+0x756053]  _ZN7VMError14report_and_dieEP6ThreadPvPKciS4_S4_P13__va_list_tag+0x3f
V  [libjvm.dylib+0x27a5a1]  _Z12report_fatalPKciS0_z+0xb5
V  [libjvm.dylib+0x67a5a5]  _ZN20SafepointSynchronize5blockEP10JavaThread+0x1d1
V  [libjvm.dylib+0x712069]  _ZN10JavaThread44check_safepoint_and_suspend_for_native_transEPS_+0xab
V  [libjvm.dylib+0x1deffd]  _ZN20ThreadInVMfromNativeC1EP10JavaThread+0x6d
V  [libjvm.dylib+0x3f108b]  jni_DeleteGlobalRef+0x3e
C  [libglass.dylib+0x82e8]  -[GlassRunnable dealloc]+0x28
C  [Foundation+0x80e9b]  -[_NSThreadPerformInfo dealloc]+0x2a
C  [Foundation+0x4dcc7]  -[NSObject(NSThreadPerformAdditions) performSelectorOnMainThread:withObject:waitUntilDone:]+0x7c
j  com.sun.glass.ui.mac.MacApplication._submitForLaterInvocation(Ljava/lang/Runnable;)V+0 javafx.graphics
j  com.sun.glass.ui.mac.MacApplication.submitForLaterInvocation(Ljava/lang/Runnable;)V+2 javafx.graphics
j  com.sun.glass.ui.InvokeLaterDispatcher.run()V+82 javafx.graphics
v  ~StubRoutines::call_stub
V  [libjvm.dylib+0x3b55c0]  _ZN9JavaCalls11call_helperEP9JavaValueRK12methodHandleP17JavaCallArgumentsP6Thread+0x274
V  [libjvm.dylib+0x3b49ed]  _ZN9JavaCalls12call_virtualEP9JavaValueP5KlassP6SymbolS5_P17JavaCallArgumentsP6Thread+0xd7
V  [libjvm.dylib+0x3b4aa4]  _ZN9JavaCalls12call_virtualEP9JavaValue6HandleP5KlassP6SymbolS6_P6Thread+0x62
V  [libjvm.dylib+0x432856]  _ZL12thread_entryP10JavaThreadP6Thread+0x78
V  [libjvm.dylib+0x710b7c]  _ZN10JavaThread17thread_main_innerEv+0x82
V  [libjvm.dylib+0x7109ce]  _ZN10JavaThread3runEv+0x178
V  [libjvm.dylib+0x70e928]  _ZN6Thread8call_runEv+0x68
V  [libjvm.dylib+0x60d783]  _ZL19thread_native_entryP6Thread+0x12d
C  [libsystem_pthread.dylib+0x64f4]  _pthread_start+0x7d
C  [libsystem_pthread.dylib+0x200f]  thread_start+0xf

Java frames: (J=compiled Java code, j=interpreted, Vv=VM code)
j  com.sun.glass.ui.mac.MacApplication._submitForLaterInvocation(Ljava/lang/Runnable;)V+0 javafx.graphics
j  com.sun.glass.ui.mac.MacApplication.submitForLaterInvocation(Ljava/lang/Runnable;)V+2 javafx.graphics
j  com.sun.glass.ui.InvokeLaterDispatcher.run()V+82 javafx.graphics
v  ~StubRoutines::call_stub

---------------  P R O C E S S  ---------------

Threads class SMR info:
_java_thread_list=0x0000600003b68260, length=16, elements={
0x00007f7e2e80d800, 0x00007f7e2e810800, 0x00007f7e3000b800, 0x00007f7e30075800,
0x00007f7e30076000, 0x00007f7e3008a000, 0x00007f7e2f067800, 0x00007f7e2f064800,
0x00007f7e2f06d000, 0x00007f7e2f16e000, 0x00007f7e30924000, 0x00007f7e302dd800,
0x00007f7e3032c000, 0x00007f7e30551000, 0x00007f7e2f316000, 0x00007f7e30332000
}

Java Threads: ( => current thread )
  0x00007f7e2e80d800 JavaThread "main" [_thread_blocked, id=9731, stack(0x000070000e08c000,0x000070000e18c000)]
  0x00007f7e2e810800 JavaThread "Reference Handler" daemon [_thread_blocked, id=14339, stack(0x000070000e7a1000,0x000070000e8a1000)]
  0x00007f7e3000b800 JavaThread "Finalizer" daemon [_thread_blocked, id=18435, stack(0x000070000e8a4000,0x000070000e9a4000)]
  0x00007f7e30075800 JavaThread "Signal Dispatcher" daemon [_thread_blocked, id=16387, stack(0x000070000eaad000,0x000070000ebad000)]
  0x00007f7e30076000 JavaThread "Service Thread" daemon [_thread_blocked, id=22019, stack(0x000070000ebb0000,0x000070000ecb0000)]
  0x00007f7e3008a000 JavaThread "C2 CompilerThread0" daemon [_thread_blocked, id=43011, stack(0x000070000ecb3000,0x000070000edb3000)]
  0x00007f7e2f067800 JavaThread "C1 CompilerThread0" daemon [_thread_blocked, id=22531, stack(0x000070000edb6000,0x000070000eeb6000)]
  0x00007f7e2f064800 JavaThread "Sweeper thread" daemon [_thread_blocked, id=23043, stack(0x000070000eeb9000,0x000070000efb9000)]
  0x00007f7e2f06d000 JavaThread "Common-Cleaner" daemon [_thread_blocked, id=41987, stack(0x000070000efbc000,0x000070000f0bc000)]
  0x00007f7e2f16e000 JavaThread "QuantumRenderer-0" daemon [_thread_blocked, id=24323, stack(0x000070000f1c2000,0x000070000f2c2000)]
=>0x00007f7e30924000 JavaThread "InvokeLaterDispatcher" daemon [_thread_in_native, id=37383, stack(0x000070000f2c5000,0x000070000f3c5000)]
  0x00007f7e302dd800 JavaThread "JavaFX Application Thread" [_thread_in_native_trans, id=259, stack(0x00007ff7afecc000,0x00007ff7b06cc000)]
  0x00007f7e3032c000 JavaThread "JavaFX-Launcher" [_thread_blocked, id=76035, stack(0x000070000f9e3000,0x000070000fae3000)]
  0x00007f7e30551000 JavaThread "Prism Font Disposer" daemon [_thread_blocked, id=56863, stack(0x000070000fae6000,0x000070000fbe6000)]
  0x00007f7e2f316000 JavaThread "Cleaner-0" daemon [_thread_blocked, id=61455, stack(0x000070000fbe9000,0x000070000fce9000)]
  0x00007f7e30332000 JavaThread "PulseTimer-CVDisplayLink thread" daemon [_thread_in_native, id=55051, stack(0x000070000f4cb000,0x000070000f54b000)]

Other Threads:
  0x00007f7e2f05c800 VMThread "VM Thread" [stack: 0x000070000e69e000,0x000070000e79e000] [id=13827]
  0x00007f7e2f16b800 WatcherThread [stack: 0x000070000f0bf000,0x000070000f1bf000] [id=24067]
  0x00007f7e3001b000 GCTaskThread "GC Thread#0" [stack: 0x000070000e18f000,0x000070000e28f000] [id=12035]
  0x00007f7e30323800 GCTaskThread "GC Thread#1" [stack: 0x000070000f3c8000,0x000070000f4c8000] [id=85255]
  0x00007f7e30326000 GCTaskThread "GC Thread#2" [stack: 0x000070000f6d7000,0x000070000f7d7000] [id=44811]
  0x00007f7e30326800 GCTaskThread "GC Thread#3" [stack: 0x000070000f7da000,0x000070000f8da000] [id=49927]
  0x00007f7e30826800 ConcurrentGCThread "G1 Main Marker" [stack: 0x000070000e292000,0x000070000e392000] [id=20995]
  0x00007f7e2f00f000 ConcurrentGCThread "G1 Conc#0" [stack: 0x000070000e395000,0x000070000e495000] [id=20739]
  0x00007f7e3006b800 ConcurrentGCThread "G1 Refine#0" [stack: 0x000070000e498000,0x000070000e598000] [id=13059]
  0x00007f7e3006c800 ConcurrentGCThread "G1 Young RemSet Sampling" [stack: 0x000070000e59b000,0x000070000e69b000] [id=13315]

Threads with active compile tasks:

VM state:not at safepoint (normal execution)

VM Mutex/Monitor currently owned by a thread: None

Heap address: 0x0000000780000000, size: 2048 MB, Compressed Oops mode: Zero based, Oop shift amount: 3
Narrow klass base: 0x0000000800000000, Narrow klass shift: 0
Compressed class space size: 1073741824 Address: 0x0000000800000000

Heap:
 garbage-first heap   total 131072K, used 37938K [0x0000000780000000, 0x0000000800000000)
  region size 1024K, 36 young (36864K), 2 survivors (2048K)
 Metaspace       used 18914K, capacity 19487K, committed 19712K, reserved 1067008K
  class space    used 2287K, capacity 2524K, committed 2560K, reserved 1048576K
Heap Regions: E=young(eden), S=young(survivor), O=old, HS=humongous(starts), HC=humongous(continues), CS=collection set, F=free, A=archive, TAMS=top-at-mark-start (previous, next)
|   0|0x0000000780000000, 0x000000078000ca00, 0x0000000780100000|  4%| O|  |TAMS 0x0000000780000000, 0x0000000780000000| Untracked 
|   1|0x0000000780100000, 0x0000000780200000, 0x0000000780200000|100%|HS|  |TAMS 0x0000000780100000, 0x0000000780100000| Complete 
|   2|0x0000000780200000, 0x0000000780300000, 0x0000000780300000|100%|HC|  |TAMS 0x0000000780200000, 0x0000000780200000| Complete 
|   3|0x0000000780300000, 0x0000000780300000, 0x0000000780400000|  0%| F|  |TAMS 0x0000000780300000, 0x0000000780300000| Untracked 
|   4|0x0000000780400000, 0x0000000780400000, 0x0000000780500000|  0%| F|  |TAMS 0x0000000780400000, 0x0000000780400000| Untracked 
|   5|0x0000000780500000, 0x0000000780500000, 0x0000000780600000|  0%| F|  |TAMS 0x0000000780500000, 0x0000000780500000| Untracked 
|   6|0x0000000780600000, 0x0000000780600000, 0x0000000780700000|  0%| F|  |TAMS 0x0000000780600000, 0x0000000780600000| Untracked 
|   7|0x0000000780700000, 0x0000000780700000, 0x0000000780800000|  0%| F|  |TAMS 0x0000000780700000, 0x0000000780700000| Untracked 
|   8|0x0000000780800000, 0x0000000780800000, 0x0000000780900000|  0%| F|  |TAMS 0x0000000780800000, 0x0000000780800000| Untracked 
|   9|0x0000000780900000, 0x0000000780900000, 0x0000000780a00000|  0%| F|  |TAMS 0x0000000780900000, 0x0000000780900000| Untracked 
|  10|0x0000000780a00000, 0x0000000780a00000, 0x0000000780b00000|  0%| F|  |TAMS 0x0000000780a00000, 0x0000000780a00000| Untracked 
|  11|0x0000000780b00000, 0x0000000780b00000, 0x0000000780c00000|  0%| F|  |TAMS 0x0000000780b00000, 0x0000000780b00000| Untracked 
|  12|0x0000000780c00000, 0x0000000780c00000, 0x0000000780d00000|  0%| F|  |TAMS 0x0000000780c00000, 0x0000000780c00000| Untracked 
|  13|0x0000000780d00000, 0x0000000780d00000, 0x0000000780e00000|  0%| F|  |TAMS 0x0000000780d00000, 0x0000000780d00000| Untracked 
|  14|0x0000000780e00000, 0x0000000780e00000, 0x0000000780f00000|  0%| F|  |TAMS 0x0000000780e00000, 0x0000000780e00000| Untracked 
|  15|0x0000000780f00000, 0x0000000780f00000, 0x0000000781000000|  0%| F|  |TAMS 0x0000000780f00000, 0x0000000780f00000| Untracked 
|  16|0x0000000781000000, 0x0000000781000000, 0x0000000781100000|  0%| F|  |TAMS 0x0000000781000000, 0x0000000781000000| Untracked 
|  17|0x0000000781100000, 0x0000000781100000, 0x0000000781200000|  0%| F|  |TAMS 0x0000000781100000, 0x0000000781100000| Untracked 
|  18|0x0000000781200000, 0x0000000781200000, 0x0000000781300000|  0%| F|  |TAMS 0x0000000781200000, 0x0000000781200000| Untracked 
|  19|0x0000000781300000, 0x0000000781300000, 0x0000000781400000|  0%| F|  |TAMS 0x0000000781300000, 0x0000000781300000| Untracked 
|  20|0x0000000781400000, 0x0000000781400000, 0x0000000781500000|  0%| F|  |TAMS 0x0000000781400000, 0x0000000781400000| Untracked 
|  21|0x0000000781500000, 0x0000000781500000, 0x0000000781600000|  0%| F|  |TAMS 0x0000000781500000, 0x0000000781500000| Untracked 
|  22|0x0000000781600000, 0x0000000781600000, 0x0000000781700000|  0%| F|  |TAMS 0x0000000781600000, 0x0000000781600000| Untracked 
|  23|0x0000000781700000, 0x0000000781700000, 0x0000000781800000|  0%| F|  |TAMS 0x0000000781700000, 0x0000000781700000| Untracked 
|  24|0x0000000781800000, 0x0000000781800000, 0x0000000781900000|  0%| F|  |TAMS 0x0000000781800000, 0x0000000781800000| Untracked 
|  25|0x0000000781900000, 0x0000000781900000, 0x0000000781a00000|  0%| F|  |TAMS 0x0000000781900000, 0x0000000781900000| Untracked 
|  26|0x0000000781a00000, 0x0000000781a00000, 0x0000000781b00000|  0%| F|  |TAMS 0x0000000781a00000, 0x0000000781a00000| Untracked 
|  27|0x0000000781b00000, 0x0000000781b00000, 0x0000000781c00000|  0%| F|  |TAMS 0x0000000781b00000, 0x0000000781b00000| Untracked 
|  28|0x0000000781c00000, 0x0000000781c00000, 0x0000000781d00000|  0%| F|  |TAMS 0x0000000781c00000, 0x0000000781c00000| Untracked 
|  29|0x0000000781d00000, 0x0000000781d00000, 0x0000000781e00000|  0%| F|  |TAMS 0x0000000781d00000, 0x0000000781d00000| Untracked 
|  30|0x0000000781e00000, 0x0000000781e00000, 0x0000000781f00000|  0%| F|  |TAMS 0x0000000781e00000, 0x0000000781e00000| Untracked 
|  31|0x0000000781f00000, 0x0000000781f00000, 0x0000000782000000|  0%| F|  |TAMS 0x0000000781f00000, 0x0000000781f00000| Untracked 
|  32|0x0000000782000000, 0x0000000782000000, 0x0000000782100000|  0%| F|  |TAMS 0x0000000782000000, 0x0000000782000000| Untracked 
|  33|0x0000000782100000, 0x0000000782100000, 0x0000000782200000|  0%| F|  |TAMS 0x0000000782100000, 0x0000000782100000| Untracked 
|  34|0x0000000782200000, 0x0000000782200000, 0x0000000782300000|  0%| F|  |TAMS 0x0000000782200000, 0x0000000782200000| Untracked 
|  35|0x0000000782300000, 0x0000000782300000, 0x0000000782400000|  0%| F|  |TAMS 0x0000000782300000, 0x0000000782300000| Untracked 
|  36|0x0000000782400000, 0x0000000782400000, 0x0000000782500000|  0%| F|  |TAMS 0x0000000782400000, 0x0000000782400000| Untracked 
|  37|0x0000000782500000, 0x0000000782500000, 0x0000000782600000|  0%| F|  |TAMS 0x0000000782500000, 0x0000000782500000| Untracked 
|  38|0x0000000782600000, 0x0000000782600000, 0x0000000782700000|  0%| F|  |TAMS 0x0000000782600000, 0x0000000782600000| Untracked 
|  39|0x0000000782700000, 0x0000000782700000, 0x0000000782800000|  0%| F|  |TAMS 0x0000000782700000, 0x0000000782700000| Untracked 
|  40|0x0000000782800000, 0x0000000782800000, 0x0000000782900000|  0%| F|  |TAMS 0x0000000782800000, 0x0000000782800000| Untracked 
|  41|0x0000000782900000, 0x0000000782900000, 0x0000000782a00000|  0%| F|  |TAMS 0x0000000782900000, 0x0000000782900000| Untracked 
|  42|0x0000000782a00000, 0x0000000782a00000, 0x0000000782b00000|  0%| F|  |TAMS 0x0000000782a00000, 0x0000000782a00000| Untracked 
|  43|0x0000000782b00000, 0x0000000782b00000, 0x0000000782c00000|  0%| F|  |TAMS 0x0000000782b00000, 0x0000000782b00000| Untracked 
|  44|0x0000000782c00000, 0x0000000782c00000, 0x0000000782d00000|  0%| F|  |TAMS 0x0000000782c00000, 0x0000000782c00000| Untracked 
|  45|0x0000000782d00000, 0x0000000782d00000, 0x0000000782e00000|  0%| F|  |TAMS 0x0000000782d00000, 0x0000000782d00000| Untracked 
|  46|0x0000000782e00000, 0x0000000782e00000, 0x0000000782f00000|  0%| F|  |TAMS 0x0000000782e00000, 0x0000000782e00000| Untracked 
|  47|0x0000000782f00000, 0x0000000782f00000, 0x0000000783000000|  0%| F|  |TAMS 0x0000000782f00000, 0x0000000782f00000| Untracked 
|  48|0x0000000783000000, 0x0000000783000000, 0x0000000783100000|  0%| F|  |TAMS 0x0000000783000000, 0x0000000783000000| Untracked 
|  49|0x0000000783100000, 0x0000000783100000, 0x0000000783200000|  0%| F|  |TAMS 0x0000000783100000, 0x0000000783100000| Untracked 
|  50|0x0000000783200000, 0x0000000783200000, 0x0000000783300000|  0%| F|  |TAMS 0x0000000783200000, 0x0000000783200000| Untracked 
|  51|0x0000000783300000, 0x0000000783300000, 0x0000000783400000|  0%| F|  |TAMS 0x0000000783300000, 0x0000000783300000| Untracked 
|  52|0x0000000783400000, 0x0000000783400000, 0x0000000783500000|  0%| F|  |TAMS 0x0000000783400000, 0x0000000783400000| Untracked 
|  53|0x0000000783500000, 0x0000000783500000, 0x0000000783600000|  0%| F|  |TAMS 0x0000000783500000, 0x0000000783500000| Untracked 
|  54|0x0000000783600000, 0x0000000783600000, 0x0000000783700000|  0%| F|  |TAMS 0x0000000783600000, 0x0000000783600000| Untracked 
|  55|0x0000000783700000, 0x0000000783700000, 0x0000000783800000|  0%| F|  |TAMS 0x0000000783700000, 0x0000000783700000| Untracked 
|  56|0x0000000783800000, 0x0000000783800000, 0x0000000783900000|  0%| F|  |TAMS 0x0000000783800000, 0x0000000783800000| Untracked 
|  57|0x0000000783900000, 0x0000000783900000, 0x0000000783a00000|  0%| F|  |TAMS 0x0000000783900000, 0x0000000783900000| Untracked 
|  58|0x0000000783a00000, 0x0000000783a00000, 0x0000000783b00000|  0%| F|  |TAMS 0x0000000783a00000, 0x0000000783a00000| Untracked 
|  59|0x0000000783b00000, 0x0000000783b00000, 0x0000000783c00000|  0%| F|  |TAMS 0x0000000783b00000, 0x0000000783b00000| Untracked 
|  60|0x0000000783c00000, 0x0000000783c00000, 0x0000000783d00000|  0%| F|  |TAMS 0x0000000783c00000, 0x0000000783c00000| Untracked 
|  61|0x0000000783d00000, 0x0000000783d00000, 0x0000000783e00000|  0%| F|  |TAMS 0x0000000783d00000, 0x0000000783d00000| Untracked 
|  62|0x0000000783e00000, 0x0000000783e00000, 0x0000000783f00000|  0%| F|  |TAMS 0x0000000783e00000, 0x0000000783e00000| Untracked 
|  63|0x0000000783f00000, 0x0000000783f00000, 0x0000000784000000|  0%| F|  |TAMS 0x0000000783f00000, 0x0000000783f00000| Untracked 
|  64|0x0000000784000000, 0x0000000784000000, 0x0000000784100000|  0%| F|  |TAMS 0x0000000784000000, 0x0000000784000000| Untracked 
|  65|0x0000000784100000, 0x0000000784100000, 0x0000000784200000|  0%| F|  |TAMS 0x0000000784100000, 0x0000000784100000| Untracked 
|  66|0x0000000784200000, 0x0000000784200000, 0x0000000784300000|  0%| F|  |TAMS 0x0000000784200000, 0x0000000784200000| Untracked 
|  67|0x0000000784300000, 0x0000000784300000, 0x0000000784400000|  0%| F|  |TAMS 0x0000000784300000, 0x0000000784300000| Untracked 
|  68|0x0000000784400000, 0x0000000784400000, 0x0000000784500000|  0%| F|  |TAMS 0x0000000784400000, 0x0000000784400000| Untracked 
|  69|0x0000000784500000, 0x0000000784500000, 0x0000000784600000|  0%| F|  |TAMS 0x0000000784500000, 0x0000000784500000| Untracked 
|  70|0x0000000784600000, 0x0000000784600000, 0x0000000784700000|  0%| F|  |TAMS 0x0000000784600000, 0x0000000784600000| Untracked 
|  71|0x0000000784700000, 0x0000000784700000, 0x0000000784800000|  0%| F|  |TAMS 0x0000000784700000, 0x0000000784700000| Untracked 
|  72|0x0000000784800000, 0x0000000784800000, 0x0000000784900000|  0%| F|  |TAMS 0x0000000784800000, 0x0000000784800000| Untracked 
|  73|0x0000000784900000, 0x0000000784900000, 0x0000000784a00000|  0%| F|  |TAMS 0x0000000784900000, 0x0000000784900000| Untracked 
|  74|0x0000000784a00000, 0x0000000784a00000, 0x0000000784b00000|  0%| F|  |TAMS 0x0000000784a00000, 0x0000000784a00000| Untracked 
|  75|0x0000000784b00000, 0x0000000784b00000, 0x0000000784c00000|  0%| F|  |TAMS 0x0000000784b00000, 0x0000000784b00000| Untracked 
|  76|0x0000000784c00000, 0x0000000784c00000, 0x0000000784d00000|  0%| F|  |TAMS 0x0000000784c00000, 0x0000000784c00000| Untracked 
|  77|0x0000000784d00000, 0x0000000784d00000, 0x0000000784e00000|  0%| F|  |TAMS 0x0000000784d00000, 0x0000000784d00000| Untracked 
|  78|0x0000000784e00000, 0x0000000784e00000, 0x0000000784f00000|  0%| F|  |TAMS 0x0000000784e00000, 0x0000000784e00000| Untracked 
|  79|0x0000000784f00000, 0x0000000784f00000, 0x0000000785000000|  0%| F|  |TAMS 0x0000000784f00000, 0x0000000784f00000| Untracked 
|  80|0x0000000785000000, 0x0000000785000000, 0x0000000785100000|  0%| F|  |TAMS 0x0000000785000000, 0x0000000785000000| Untracked 
|  81|0x0000000785100000, 0x0000000785100000, 0x0000000785200000|  0%| F|  |TAMS 0x0000000785100000, 0x0000000785100000| Untracked 
|  82|0x0000000785200000, 0x0000000785200000, 0x0000000785300000|  0%| F|  |TAMS 0x0000000785200000, 0x0000000785200000| Untracked 
|  83|0x0000000785300000, 0x0000000785300000, 0x0000000785400000|  0%| F|  |TAMS 0x0000000785300000, 0x0000000785300000| Untracked 
|  84|0x0000000785400000, 0x0000000785400000, 0x0000000785500000|  0%| F|  |TAMS 0x0000000785400000, 0x0000000785400000| Untracked 
|  85|0x0000000785500000, 0x0000000785500000, 0x0000000785600000|  0%| F|  |TAMS 0x0000000785500000, 0x0000000785500000| Untracked 
|  86|0x0000000785600000, 0x0000000785600000, 0x0000000785700000|  0%| F|  |TAMS 0x0000000785600000, 0x0000000785600000| Untracked 
|  87|0x0000000785700000, 0x0000000785700000, 0x0000000785800000|  0%| F|  |TAMS 0x0000000785700000, 0x0000000785700000| Untracked 
|  88|0x0000000785800000, 0x0000000785800000, 0x0000000785900000|  0%| F|  |TAMS 0x0000000785800000, 0x0000000785800000| Untracked 
|  89|0x0000000785900000, 0x0000000785900000, 0x0000000785a00000|  0%| F|  |TAMS 0x0000000785900000, 0x0000000785900000| Untracked 
|  90|0x0000000785a00000, 0x0000000785a00000, 0x0000000785b00000|  0%| F|  |TAMS 0x0000000785a00000, 0x0000000785a00000| Untracked 
|  91|0x0000000785b00000, 0x0000000785b00000, 0x0000000785c00000|  0%| F|  |TAMS 0x0000000785b00000, 0x0000000785b00000| Untracked 
|  92|0x0000000785c00000, 0x0000000785d00000, 0x0000000785d00000|100%| E|  |TAMS 0x0000000785c00000, 0x0000000785c00000| Complete 
|  93|0x0000000785d00000, 0x0000000785e00000, 0x0000000785e00000|100%| E|CS|TAMS 0x0000000785d00000, 0x0000000785d00000| Complete 
|  94|0x0000000785e00000, 0x0000000785f00000, 0x0000000785f00000|100%| E|CS|TAMS 0x0000000785e00000, 0x0000000785e00000| Complete 
|  95|0x0000000785f00000, 0x0000000786000000, 0x0000000786000000|100%| E|CS|TAMS 0x0000000785f00000, 0x0000000785f00000| Complete 
|  96|0x0000000786000000, 0x0000000786100000, 0x0000000786100000|100%| E|CS|TAMS 0x0000000786000000, 0x0000000786000000| Complete 
|  97|0x0000000786100000, 0x0000000786200000, 0x0000000786200000|100%| E|CS|TAMS 0x0000000786100000, 0x0000000786100000| Complete 
|  98|0x0000000786200000, 0x0000000786300000, 0x0000000786300000|100%| E|CS|TAMS 0x0000000786200000, 0x0000000786200000| Complete 
|  99|0x0000000786300000, 0x0000000786400000, 0x0000000786400000|100%| E|CS|TAMS 0x0000000786300000, 0x0000000786300000| Complete 
| 100|0x0000000786400000, 0x0000000786500000, 0x0000000786500000|100%| E|CS|TAMS 0x0000000786400000, 0x0000000786400000| Complete 
| 101|0x0000000786500000, 0x0000000786600000, 0x0000000786600000|100%| E|CS|TAMS 0x0000000786500000, 0x0000000786500000| Complete 
| 102|0x0000000786600000, 0x0000000786700000, 0x0000000786700000|100%| E|CS|TAMS 0x0000000786600000, 0x0000000786600000| Complete 
| 103|0x0000000786700000, 0x0000000786800000, 0x0000000786800000|100%| E|CS|TAMS 0x0000000786700000, 0x0000000786700000| Complete 
| 104|0x0000000786800000, 0x0000000786900000, 0x0000000786900000|100%| E|CS|TAMS 0x0000000786800000, 0x0000000786800000| Complete 
| 105|0x0000000786900000, 0x0000000786a00000, 0x0000000786a00000|100%| E|CS|TAMS 0x0000000786900000, 0x0000000786900000| Complete 
| 106|0x0000000786a00000, 0x0000000786b00000, 0x0000000786b00000|100%| E|CS|TAMS 0x0000000786a00000, 0x0000000786a00000| Complete 
| 107|0x0000000786b00000, 0x0000000786c00000, 0x0000000786c00000|100%| E|CS|TAMS 0x0000000786b00000, 0x0000000786b00000| Complete 
| 108|0x0000000786c00000, 0x0000000786d00000, 0x0000000786d00000|100%| E|CS|TAMS 0x0000000786c00000, 0x0000000786c00000| Complete 
| 109|0x0000000786d00000, 0x0000000786e00000, 0x0000000786e00000|100%| E|CS|TAMS 0x0000000786d00000, 0x0000000786d00000| Complete 
| 110|0x0000000786e00000, 0x0000000786f00000, 0x0000000786f00000|100%| E|CS|TAMS 0x0000000786e00000, 0x0000000786e00000| Complete 
| 111|0x0000000786f00000, 0x0000000787000000, 0x0000000787000000|100%| E|CS|TAMS 0x0000000786f00000, 0x0000000786f00000| Complete 
| 112|0x0000000787000000, 0x0000000787100000, 0x0000000787100000|100%| S|CS|TAMS 0x0000000787000000, 0x0000000787000000| Complete 
| 113|0x0000000787100000, 0x0000000787200000, 0x0000000787200000|100%| S|CS|TAMS 0x0000000787100000, 0x0000000787100000| Complete 
| 114|0x0000000787200000, 0x0000000787300000, 0x0000000787300000|100%| E|CS|TAMS 0x0000000787200000, 0x0000000787200000| Complete 
| 115|0x0000000787300000, 0x0000000787400000, 0x0000000787400000|100%| E|CS|TAMS 0x0000000787300000, 0x0000000787300000| Complete 
| 116|0x0000000787400000, 0x0000000787500000, 0x0000000787500000|100%| E|CS|TAMS 0x0000000787400000, 0x0000000787400000| Complete 
| 117|0x0000000787500000, 0x0000000787600000, 0x0000000787600000|100%| E|CS|TAMS 0x0000000787500000, 0x0000000787500000| Complete 
| 118|0x0000000787600000, 0x0000000787700000, 0x0000000787700000|100%| E|CS|TAMS 0x0000000787600000, 0x0000000787600000| Complete 
| 119|0x0000000787700000, 0x0000000787800000, 0x0000000787800000|100%| E|CS|TAMS 0x0000000787700000, 0x0000000787700000| Complete 
| 120|0x0000000787800000, 0x0000000787900000, 0x0000000787900000|100%| E|CS|TAMS 0x0000000787800000, 0x0000000787800000| Complete 
| 121|0x0000000787900000, 0x0000000787a00000, 0x0000000787a00000|100%| E|CS|TAMS 0x0000000787900000, 0x0000000787900000| Complete 
| 122|0x0000000787a00000, 0x0000000787b00000, 0x0000000787b00000|100%| E|CS|TAMS 0x0000000787a00000, 0x0000000787a00000| Complete 
| 123|0x0000000787b00000, 0x0000000787c00000, 0x0000000787c00000|100%| E|CS|TAMS 0x0000000787b00000, 0x0000000787b00000| Complete 
| 124|0x0000000787c00000, 0x0000000787d00000, 0x0000000787d00000|100%| E|CS|TAMS 0x0000000787c00000, 0x0000000787c00000| Complete 
| 125|0x0000000787d00000, 0x0000000787e00000, 0x0000000787e00000|100%| E|CS|TAMS 0x0000000787d00000, 0x0000000787d00000| Complete 
| 126|0x0000000787e00000, 0x0000000787f00000, 0x0000000787f00000|100%| E|CS|TAMS 0x0000000787e00000, 0x0000000787e00000| Complete 
| 127|0x0000000787f00000, 0x0000000788000000, 0x0000000788000000|100%| E|CS|TAMS 0x0000000787f00000, 0x0000000787f00000| Complete 

Card table byte_map: [0x0000000110016000,0x0000000110416000] _byte_map_base: 0x000000010c416000

Marking Bits (Prev, Next): (CMBitMap*) 0x00007f7e3081e018, (CMBitMap*) 0x00007f7e3081e050
 Prev Bits: [0x000000012ad2c000, 0x000000012cd2c000)
 Next Bits: [0x000000012cd2c000, 0x000000012ed2c000)

Polling page: 0x000000010f97c000

Metaspace:

Usage:
  Non-class:     16.57 MB capacity,    16.24 MB ( 98%) used,   272.89 KB (  2%) free+waste,    63.06 KB ( <1%) overhead. 
      Class:      2.46 MB capacity,     2.23 MB ( 91%) used,   203.62 KB (  8%) free+waste,    32.56 KB (  1%) overhead. 
       Both:     19.03 MB capacity,    18.47 MB ( 97%) used,   476.51 KB (  2%) free+waste,    95.62 KB ( <1%) overhead. 

Virtual space:
  Non-class space:       18.00 MB reserved,      16.75 MB ( 93%) committed 
      Class space:        1.00 GB reserved,       2.50 MB ( <1%) committed 
             Both:        1.02 GB reserved,      19.25 MB (  2%) committed 

Chunk freelists:
   Non-Class:  21.00 KB
       Class:  4.00 KB
        Both:  25.00 KB

MaxMetaspaceSize: unlimited
CompressedClassSpaceSize: 1.00 GB
Initial GC threshold: 20.80 MB
Current GC threshold: 20.80 MB
CDS: off

CodeHeap 'non-profiled nmethods': size=120032Kb used=739Kb max_used=739Kb free=119292Kb
 bounds [0x00000001237f4000, 0x0000000123a64000, 0x000000012ad2c000]
CodeHeap 'profiled nmethods': size=120032Kb used=3671Kb max_used=3671Kb free=116360Kb
 bounds [0x000000011c2bc000, 0x000000011c65c000, 0x00000001237f4000]
CodeHeap 'non-nmethods': size=5696Kb used=1395Kb max_used=1425Kb free=4300Kb
 bounds [0x000000011bd2c000, 0x000000011bf9c000, 0x000000011c2bc000]
 total_blobs=2768 nmethods=2049 adapters=632
 compilation: enabled
              stopped_count=0, restarted_count=0
 full_count=0

Compilation events (20 events):
Event: 76.595 Thread 0x00007f7e2f067800 2043       3       javafx.scene.Node::buildEventDispatchChain (100 bytes)
Event: 76.596 Thread 0x00007f7e2f067800 nmethod 2043 0x000000011c648510 code [0x000000011c648820, 0x000000011c649f60]
Event: 76.596 Thread 0x00007f7e2f067800 2046       3       javafx.scene.Node::preprocessMouseEvent (114 bytes)
Event: 76.597 Thread 0x00007f7e2f067800 nmethod 2046 0x000000011c64a590 code [0x000000011c64a960, 0x000000011c64c9c0]
Event: 76.597 Thread 0x00007f7e2f067800 2044       3       javafx.scene.Node$$Lambda$225/0x0000000800249440::dispatchEvent (10 bytes)
Event: 76.598 Thread 0x00007f7e2f067800 nmethod 2044 0x000000011c64d210 code [0x000000011c64d400, 0x000000011c64d870]
Event: 76.598 Thread 0x00007f7e2f067800 2045       3       javafx.scene.Node::lambda$buildEventDispatchChain$3 (25 bytes)
Event: 76.598 Thread 0x00007f7e2f067800 nmethod 2045 0x000000011c64da10 code [0x000000011c64dc00, 0x000000011c64e010]
Event: 76.777 Thread 0x00007f7e2f067800 2047       3       javafx.scene.input.PickResult::<init> (47 bytes)
Event: 76.778 Thread 0x00007f7e2f067800 nmethod 2047 0x000000011c64e190 code [0x000000011c64e340, 0x000000011c64e5f0]
Event: 76.876 Thread 0x00007f7e2f067800 2049       3       java.util.WeakHashMap::<init> (133 bytes)
Event: 76.878 Thread 0x00007f7e2f067800 nmethod 2049 0x000000011c64e690 code [0x000000011c64ea40, 0x000000011c650380]
Event: 76.878 Thread 0x00007f7e2f067800 2048       3       java.util.WeakHashMap::<init> (9 bytes)
Event: 76.878 Thread 0x00007f7e2f067800 nmethod 2048 0x000000011c650b90 code [0x000000011c650d60, 0x000000011c650e80]
Event: 76.911 Thread 0x00007f7e3008a000 2050       4       java.lang.String::hashCode (49 bytes)
Event: 76.918 Thread 0x00007f7e3008a000 nmethod 2050 0x00000001238ac790 code [0x00000001238ac940, 0x00000001238acb88]
Event: 76.983 Thread 0x00007f7e2f067800 2051       3       java.util.concurrent.locks.AbstractQueuedSynchronizer::release (33 bytes)
Event: 76.984 Thread 0x00007f7e2f067800 nmethod 2051 0x000000011c650f10 code [0x000000011c6510e0, 0x000000011c6513b0]
Event: 77.033 Thread 0x00007f7e2f067800 2052       3       java.util.concurrent.locks.AbstractQueuedSynchronizer$Node::compareAndSetWaitStatus (10 bytes)
Event: 77.034 Thread 0x00007f7e2f067800 nmethod 2052 0x000000011c651490 code [0x000000011c6516a0, 0x000000011c651c10]

GC Heap History (2 events):
Event: 0.681 GC heap before
{Heap before GC invocations=0 (full 0):
 garbage-first heap   total 131072K, used 13312K [0x0000000780000000, 0x0000000800000000)
  region size 1024K, 14 young (14336K), 0 survivors (0K)
 Metaspace       used 9618K, capacity 9919K, committed 10112K, reserved 1058816K
  class space    used 958K, capacity 1084K, committed 1152K, reserved 1048576K
}
Event: 0.696 GC heap after
{Heap after GC invocations=1 (full 0):
 garbage-first heap   total 131072K, used 2098K [0x0000000780000000, 0x0000000800000000)
  region size 1024K, 2 young (2048K), 2 survivors (2048K)
 Metaspace       used 9618K, capacity 9919K, committed 10112K, reserved 1058816K
  class space    used 958K, capacity 1084K, committed 1152K, reserved 1048576K
}

Deoptimization events (20 events):
Event: 1.568 Thread 0x00007f7e302dd800 Uncommon trap: trap_request=0xffffffc6 fr.pc=0x000000012384f2ac relative=0x000000000000060c
Event: 1.568 Thread 0x00007f7e302dd800 Uncommon trap: reason=bimorphic_or_optimized_type_check action=maybe_recompile pc=0x000000012384f2ac method=java.util.HashMap.getNode(ILjava/lang/Object;)Ljava/util/HashMap$Node; @ 126 c2
Event: 1.568 Thread 0x00007f7e302dd800 DEOPT PACKING pc=0x000000012384f2ac sp=0x00007ff7b06c4820
Event: 1.568 Thread 0x00007f7e302dd800 DEOPT UNPACKING pc=0x000000011bd75ea5 sp=0x00007ff7b06c47b8 mode 2
Event: 1.568 Thread 0x00007f7e302dd800 Uncommon trap: trap_request=0xffffffc6 fr.pc=0x000000012384f2ac relative=0x000000000000060c
Event: 1.568 Thread 0x00007f7e302dd800 Uncommon trap: reason=bimorphic_or_optimized_type_check action=maybe_recompile pc=0x000000012384f2ac method=java.util.HashMap.getNode(ILjava/lang/Object;)Ljava/util/HashMap$Node; @ 126 c2
Event: 1.568 Thread 0x00007f7e302dd800 DEOPT PACKING pc=0x000000012384f2ac sp=0x00007ff7b06c4820
Event: 1.568 Thread 0x00007f7e302dd800 DEOPT UNPACKING pc=0x000000011bd75ea5 sp=0x00007ff7b06c47b8 mode 2
Event: 1.571 Thread 0x00007f7e302dd800 Uncommon trap: trap_request=0xffffff4d fr.pc=0x000000012382fc78 relative=0x0000000000000058
Event: 1.571 Thread 0x00007f7e302dd800 Uncommon trap: reason=unstable_if action=reinterpret pc=0x000000012382fc78 method=java.util.Objects.equals(Ljava/lang/Object;Ljava/lang/Object;)Z @ 6 c2
Event: 1.571 Thread 0x00007f7e302dd800 DEOPT PACKING pc=0x000000012382fc78 sp=0x00007ff7b06c4830
Event: 1.571 Thread 0x00007f7e302dd800 DEOPT UNPACKING pc=0x000000011bd75ea5 sp=0x00007ff7b06c47f0 mode 2
Event: 72.589 Thread 0x00007f7e302dd800 Uncommon trap: trap_request=0xffffff4d fr.pc=0x00000001238316f8 relative=0x00000000000003b8
Event: 72.589 Thread 0x00007f7e302dd800 Uncommon trap: reason=unstable_if action=reinterpret pc=0x00000001238316f8 method=jdk.internal.org.objectweb.asm.Type.getArgumentsAndReturnSizes(Ljava/lang/String;)I @ 47 c2
Event: 72.589 Thread 0x00007f7e302dd800 DEOPT PACKING pc=0x00000001238316f8 sp=0x00007ff7b06c4e80
Event: 72.589 Thread 0x00007f7e302dd800 DEOPT UNPACKING pc=0x000000011bd75ea5 sp=0x00007ff7b06c4e20 mode 2
Event: 72.589 Thread 0x00007f7e302dd800 Uncommon trap: trap_request=0xffffff4d fr.pc=0x000000012384b324 relative=0x0000000000003624
Event: 72.589 Thread 0x00007f7e302dd800 Uncommon trap: reason=unstable_if action=reinterpret pc=0x000000012384b324 method=jdk.internal.org.objectweb.asm.Frame.push(Ljdk/internal/org/objectweb/asm/ClassWriter;Ljava/lang/String;)V @ 18 c2
Event: 72.589 Thread 0x00007f7e302dd800 DEOPT PACKING pc=0x000000012384b324 sp=0x00007ff7b06c4e80
Event: 72.589 Thread 0x00007f7e302dd800 DEOPT UNPACKING pc=0x000000011bd75ea5 sp=0x00007ff7b06c4da0 mode 2

Classes redefined (0 events):
No events

Internal exceptions (20 events):
Event: 1.064 Thread 0x00007f7e302dd800 Exception <a 'java/lang/NoSuchMethodError'{0x00000007875d5728}: 'java.lang.Object java.lang.invoke.DirectMethodHandle$Holder.invokeStatic(java.lang.Object, java.lang.Object, java.lang.Object, java.lang.Object, java.lang.Object, java.lang.Object, java.lang.Object, java.lang.Object, java.lang.Object, java.lang.Object, java.lang.Object, int, int, java.lang.Object)'> (0x00000007875d5728) thrown at [src/hotspot/share/interpreter/linkResolver.cpp, line 773]
Event: 1.067 Thread 0x00007f7e302dd800 Exception <a 'java/lang/NoSuchMethodError'{0x00000007875f5d80}: 'java.lang.Object java.lang.invoke.DirectMethodHandle$Holder.invokeStatic(java.lang.Object, java.lang.Object, java.lang.Object, java.lang.Object, java.lang.Object, java.lang.Object, java.lang.Object, java.lang.Object, java.lang.Object, java.lang.Object, java.lang.Object, int, int, java.lang.Object, java.lang.Object)'> (0x00000007875f5d80) thrown at [src/hotspot/share/interpreter/linkResolver.cpp, line 773]
Event: 1.097 Thread 0x00007f7e302dd800 Exception <a 'java/lang/NoSuchMethodError'{0x00000007874f7e30}: 'java.lang.Object java.lang.invoke.DirectMethodHandle$Holder.invokeStatic(java.lang.Object, java.lang.Object, java.lang.Object, java.lang.Object, java.lang.Object, java.lang.Object, java.lang.Object, java.lang.Object, java.lang.Object, java.lang.Object, java.lang.Object, java.lang.Object, java.lang.Object, java.lang.Object, java.lang.Object)'> (0x00000007874f7e30) thrown at [src/hotspot/share/interpreter/linkResolver.cpp, line 773]
Event: 1.099 Thread 0x00007f7e302dd800 Exception <a 'java/lang/NoSuchMethodError'{0x0000000787306050}: 'java.lang.Object java.lang.invoke.DirectMethodHandle$Holder.invokeStatic(java.lang.Object, java.lang.Object, java.lang.Object, java.lang.Object, java.lang.Object, java.lang.Object, java.lang.Object, java.lang.Object, java.lang.Object, java.lang.Object, java.lang.Object, java.lang.Object, java.lang.Object, java.lang.Object, java.lang.Object, java.lang.Object)'> (0x0000000787306050) thrown at [src/hotspot/share/interpreter/linkResolver.cpp, lin
Event: 1.101 Thread 0x00007f7e302dd800 Exception <a 'java/lang/NoSuchMethodError'{0x0000000787313cc0}: 'java.lang.Object java.lang.invoke.DirectMethodHandle$Holder.invokeSpecial(java.lang.Object, java.lang.Object, int, int, java.lang.Object, java.lang.Object, java.lang.Object)'> (0x0000000787313cc0) thrown at [src/hotspot/share/interpreter/linkResolver.cpp, line 773]
Event: 1.101 Thread 0x00007f7e302dd800 Exception <a 'java/lang/NoSuchMethodError'{0x0000000787317250}: 'java.lang.Object java.lang.invoke.DelegatingMethodHandle$Holder.reinvoke_L(java.lang.Object, int, int, java.lang.Object, java.lang.Object, java.lang.Object)'> (0x0000000787317250) thrown at [src/hotspot/share/interpreter/linkResolver.cpp, line 773]
Event: 1.106 Thread 0x00007f7e302dd800 Exception <a 'java/lang/NoSuchMethodError'{0x000000078731b4d8}: 'java.lang.Object java.lang.invoke.DirectMethodHandle$Holder.invokeStatic(java.lang.Object, java.lang.Object, java.lang.Object, java.lang.Object, int)'> (0x000000078731b4d8) thrown at [src/hotspot/share/interpreter/linkResolver.cpp, line 773]
Event: 1.204 Thread 0x00007f7e302dd800 Exception <a 'java/lang/NoSuchMethodError'{0x0000000786d6c378}: 'void java.lang.invoke.DirectMethodHandle$Holder.invokeStaticInit(java.lang.Object, java.lang.Object)'> (0x0000000786d6c378) thrown at [src/hotspot/share/interpreter/linkResolver.cpp, line 773]
Event: 1.530 Thread 0x00007f7e302dd800 Exception <a 'java/lang/NoSuchMethodError'{0x00000007865b32d0}: 'java.lang.Object java.lang.invoke.Invokers$Holder.linkToTargetMethod(java.lang.Object, int, java.lang.Object)'> (0x00000007865b32d0) thrown at [src/hotspot/share/interpreter/linkResolver.cpp, line 773]
Event: 1.538 Thread 0x00007f7e302dd800 Implicit null exception at 0x000000012384dd6d to 0x000000012384de2e
Event: 1.541 Thread 0x00007f7e302dd800 Exception <a 'java/lang/NoSuchMethodError'{0x000000078642dac0}: 'void java.lang.invoke.DirectMethodHandle$Holder.invokeSpecial(java.lang.Object, java.lang.Object, java.lang.Object, java.lang.Object, java.lang.Object)'> (0x000000078642dac0) thrown at [src/hotspot/share/interpreter/linkResolver.cpp, line 773]
Event: 1.543 Thread 0x00007f7e302dd800 Exception <a 'java/lang/NoSuchMethodError'{0x000000078643d648}: 'java.lang.Object java.lang.invoke.DirectMethodHandle$Holder.invokeInterface(java.lang.Object, java.lang.Object, java.lang.Object)'> (0x000000078643d648) thrown at [src/hotspot/share/interpreter/linkResolver.cpp, line 773]
Event: 1.543 Thread 0x00007f7e302dd800 Exception <a 'java/lang/IncompatibleClassChangeError'{0x0000000786440800}: Found class java.lang.Object, but interface was expected> (0x0000000786440800) thrown at [src/hotspot/share/interpreter/linkResolver.cpp, line 839]
Event: 1.671 Thread 0x00007f7e2f16e000 Exception <a 'java/lang/NoSuchMethodError'{0x0000000787fecd60}: 'int java.lang.invoke.DirectMethodHandle$Holder.invokeStaticInit(java.lang.Object, java.lang.Object)'> (0x0000000787fecd60) thrown at [src/hotspot/share/interpreter/linkResolver.cpp, line 773]
Event: 72.589 Thread 0x00007f7e302dd800 Exception <a 'java/lang/NoSuchMethodError'{0x0000000785ed1c50}: 'long java.lang.invoke.DirectMethodHandle$Holder.invokeStaticInit(java.lang.Object, java.lang.Object, java.lang.Object)'> (0x0000000785ed1c50) thrown at [src/hotspot/share/interpreter/linkResolver.cpp, line 773]
Event: 72.592 Thread 0x00007f7e302dd800 Exception <a 'java/lang/NoSuchMethodError'{0x0000000785eea2d8}: 'java.lang.Object java.lang.invoke.DirectMethodHandle$Holder.invokeStatic(java.lang.Object, java.lang.Object, long)'> (0x0000000785eea2d8) thrown at [src/hotspot/share/interpreter/linkResolver.cpp, line 773]
Event: 72.593 Thread 0x00007f7e302dd800 Exception <a 'java/lang/NoSuchMethodError'{0x0000000785ef0450}: 'java.lang.Object java.lang.invoke.Invokers$Holder.linkToTargetMethod(java.lang.Object, long, java.lang.Object)'> (0x0000000785ef0450) thrown at [src/hotspot/share/interpreter/linkResolver.cpp, line 773]
Event: 75.236 Thread 0x00007f7e302dd800 Exception <a 'java/lang/NoSuchMethodError'{0x0000000785d52738}: 'java.lang.Object java.lang.invoke.DirectMethodHandle$Holder.invokeStatic(java.lang.Object, java.lang.Object, int, int, int, int, int, java.lang.Object)'> (0x0000000785d52738) thrown at [src/hotspot/share/interpreter/linkResolver.cpp, line 773]
Event: 75.237 Thread 0x00007f7e302dd800 Exception <a 'java/lang/NoSuchMethodError'{0x0000000785d63100}: 'java.lang.Object java.lang.invoke.DirectMethodHandle$Holder.invokeStatic(java.lang.Object, java.lang.Object, java.lang.Object, int, int, int, int, int)'> (0x0000000785d63100) thrown at [src/hotspot/share/interpreter/linkResolver.cpp, line 773]
Event: 75.238 Thread 0x00007f7e302dd800 Exception <a 'java/lang/NoSuchMethodError'{0x0000000785d69970}: 'java.lang.Object java.lang.invoke.Invokers$Holder.linkToTargetMethod(java.lang.Object, java.lang.Object, int, int, int, int, int, java.lang.Object)'> (0x0000000785d69970) thrown at [src/hotspot/share/interpreter/linkResolver.cpp, line 773]

Events (20 events):
Event: 73.682 Loaded shared library /usr/local/Cellar/openjdk@11/11.0.12/libexec/openjdk.jdk/Contents/Home/lib/server/libjvm.dylib
Event: 74.478 Protecting memory [0x000070000f4cb000,0x000070000f4cf000] with protection modes 0
Event: 74.478 Thread 0x00007f7e30598800 Thread added: 0x00007f7e30598800
Event: 74.532 Loaded shared library /Users/ferbpp/.openjfx/cache/17.0.1/libprism_es2.dylib
Event: 74.961 Protecting memory [0x000070000f4cb000,0x000070000f4cf000] with protection modes 3
Event: 74.961 Thread 0x00007f7e30598800 Thread exited: 0x00007f7e30598800
Event: 75.235 loading class com/sun/glass/ui/ClipboardAssistance
Event: 75.235 loading class com/sun/glass/ui/ClipboardAssistance done
Event: 75.235 loading class com/sun/javafx/tk/quantum/GlassViewEventHandler
Event: 75.235 loading class com/sun/javafx/tk/quantum/GlassViewEventHandler done
Event: 75.236 loading class com/sun/glass/ui/ClipboardAssistance
Event: 75.236 loading class com/sun/glass/ui/ClipboardAssistance done
Event: 75.237 loading class com/sun/javafx/tk/quantum/GlassSceneDnDEventHandler
Event: 75.237 loading class com/sun/javafx/tk/quantum/GlassSceneDnDEventHandler done
Event: 75.244 Protecting memory [0x000070000f4cb000,0x000070000f4cf000] with protection modes 0
Event: 75.244 Thread 0x00007f7e33015000 Thread added: 0x00007f7e33015000
Event: 76.631 Protecting memory [0x000070000f4cb000,0x000070000f4cf000] with protection modes 3
Event: 76.631 Thread 0x00007f7e33015000 Thread exited: 0x00007f7e33015000
Event: 76.875 Protecting memory [0x000070000f4cb000,0x000070000f4cf000] with protection modes 0
Event: 76.875 Thread 0x00007f7e30332000 Thread added: 0x00007f7e30332000


Dynamic libraries:
0x000000010f95c000 	/usr/local/Cellar/openjdk@11/11.0.12/libexec/openjdk.jdk/Contents/Home/lib/jli/libjli.dylib
0x00007ff82c64d000 	/System/Library/Frameworks/Cocoa.framework/Versions/A/Cocoa
0x00007ff8184d2000 	/System/Library/Frameworks/AppKit.framework/Versions/C/AppKit
0x00007ff81b9c8000 	/System/Library/Frameworks/CoreData.framework/Versions/A/CoreData
0x00007ff8168e9000 	/System/Library/Frameworks/Foundation.framework/Versions/C/Foundation
0x00007ff820788000 	/usr/lib/libSystem.B.dylib
0x00007ff819361000 	/System/Library/PrivateFrameworks/UIFoundation.framework/Versions/A/UIFoundation
0x00007ff8265fe000 	/System/Library/PrivateFrameworks/RemoteViewServices.framework/Versions/A/RemoteViewServices
0x00007ff81e9ee000 	/System/Library/PrivateFrameworks/XCTTargetBootstrap.framework/Versions/A/XCTTargetBootstrap
0x00007ff822598000 	/System/Library/PrivateFrameworks/InternationalSupport.framework/Versions/A/InternationalSupport
0x00007ff822622000 	/System/Library/PrivateFrameworks/UserActivity.framework/Versions/A/UserActivity
0x00007ff821978000 	/usr/lib/libspindump.dylib
0x00007ff8195ef000 	/System/Library/Frameworks/UniformTypeIdentifiers.framework/Versions/A/UniformTypeIdentifiers
0x00007ff81d12b000 	/usr/lib/libapp_launch_measurement.dylib
0x00007ff81c394000 	/System/Library/PrivateFrameworks/CoreAnalytics.framework/Versions/A/CoreAnalytics
0x00007ff81d12e000 	/System/Library/PrivateFrameworks/CoreAutoLayout.framework/Versions/A/CoreAutoLayout
0x00007ff81e34e000 	/System/Library/Frameworks/Metal.framework/Versions/A/Metal
0x00007ff81f064000 	/usr/lib/liblangid.dylib
0x00007ff81e9f2000 	/System/Library/PrivateFrameworks/CoreSVG.framework/Versions/A/CoreSVG
0x00007ff81a9b6000 	/System/Library/PrivateFrameworks/SkyLight.framework/Versions/A/SkyLight
0x00007ff81ad49000 	/System/Library/Frameworks/CoreGraphics.framework/Versions/A/CoreGraphics
0x00007ff826c6d000 	/System/Library/Frameworks/Accelerate.framework/Versions/A/Accelerate
0x00007ff8213f3000 	/System/Library/PrivateFrameworks/IconServices.framework/Versions/A/IconServices
0x00007ff81e333000 	/System/Library/Frameworks/IOSurface.framework/Versions/A/IOSurface
0x00007ff81c3c2000 	/usr/lib/libDiagnosticMessagesClient.dylib
0x00007ff8206a8000 	/usr/lib/libz.1.dylib
0x00007ff82a2dc000 	/System/Library/Frameworks/ApplicationServices.framework/Versions/A/ApplicationServices
0x00007ff81e9da000 	/System/Library/PrivateFrameworks/DFRFoundation.framework/Versions/A/DFRFoundation
0x00007ff817dc3000 	/usr/lib/libicucore.A.dylib
0x00007ff8232bd000 	/System/Library/Frameworks/AudioToolbox.framework/Versions/A/AudioToolbox
0x00007ff8225a4000 	/System/Library/PrivateFrameworks/DataDetectorsCore.framework/Versions/A/DataDetectorsCore
0x00007ff91df03000 	/System/Library/PrivateFrameworks/TextInput.framework/Versions/A/TextInput
0x00007ff81a93a000 	/usr/lib/libMobileGestalt.dylib
0x00007ff81e6e2000 	/System/Library/Frameworks/Carbon.framework/Versions/A/Frameworks/HIToolbox.framework/Versions/A/HIToolbox
0x00007ff81cb58000 	/System/Library/Frameworks/QuartzCore.framework/Versions/A/QuartzCore
0x00007ff817a63000 	/System/Library/Frameworks/Security.framework/Versions/A/Security
0x00007ff826636000 	/System/Library/Frameworks/Carbon.framework/Versions/A/Frameworks/SpeechRecognition.framework/Versions/A/SpeechRecognition
0x00007ff81ce8b000 	/System/Library/PrivateFrameworks/CoreUI.framework/Versions/A/CoreUI
0x00007ff81733b000 	/System/Library/Frameworks/CoreAudio.framework/Versions/A/CoreAudio
0x00007ff81c4b0000 	/System/Library/Frameworks/DiskArbitration.framework/Versions/A/DiskArbitration
0x00007ff821d5f000 	/System/Library/PrivateFrameworks/MultitouchSupport.framework/Versions/A/MultitouchSupport
0x00007ff81a939000 	/usr/lib/libenergytrace.dylib
0x00007ff8183be000 	/System/Library/Frameworks/IOKit.framework/Versions/A/IOKit
0x00007ff826a22000 	/System/Library/Frameworks/CoreServices.framework/Versions/A/CoreServices
0x00007ff81d0c5000 	/System/Library/PrivateFrameworks/PerformanceAnalysis.framework/Versions/A/PerformanceAnalysis
0x00007ffa2d6ce000 	/System/Library/Frameworks/OpenGL.framework/Versions/A/OpenGL
0x00007ff81fcd9000 	/System/Library/PrivateFrameworks/MobileKeyBag.framework/Versions/A/MobileKeyBag
0x00007ff8158aa000 	/usr/lib/libobjc.A.dylib
0x00007ff81b415000 	/System/Library/Frameworks/ColorSync.framework/Versions/A/ColorSync
0x00007ff815a63000 	/System/Library/Frameworks/CoreFoundation.framework/Versions/A/CoreFoundation
0x00007ff81ec6b000 	/System/Library/Frameworks/CoreImage.framework/Versions/A/CoreImage
0x00007ff817151000 	/System/Library/Frameworks/CoreText.framework/Versions/A/CoreText
0x00007ff81ea21000 	/System/Library/Frameworks/ImageIO.framework/Versions/A/ImageIO
0x00007ff82078e000 	/System/Library/PrivateFrameworks/SoftLinking.framework/Versions/A/SoftLinking
0x00007ff81d176000 	/usr/lib/libxml2.2.dylib
0x00007ff815970000 	/usr/lib/libc++.1.dylib
0x00007ff820a12000 	/usr/lib/libcompression.dylib
0x00007ff8224ce000 	/System/Library/PrivateFrameworks/TextureIO.framework/Versions/A/TextureIO
0x00007ff821105000 	/usr/lib/libate.dylib
0x00007ff820783000 	/usr/lib/system/libcache.dylib
0x00007ff82073f000 	/usr/lib/system/libcommonCrypto.dylib
0x00007ff820768000 	/usr/lib/system/libcompiler_rt.dylib
0x00007ff82075e000 	/usr/lib/system/libcopyfile.dylib
0x00007ff8157a4000 	/usr/lib/system/libcorecrypto.dylib
0x00007ff815863000 	/usr/lib/system/libdispatch.dylib
0x00007ff815a22000 	/usr/lib/system/libdyld.dylib
0x00007ff82077a000 	/usr/lib/system/libkeymgr.dylib
0x00007ff82071d000 	/usr/lib/system/libmacho.dylib
0x00007ff81fdad000 	/usr/lib/system/libquarantine.dylib
0x00007ff820778000 	/usr/lib/system/libremovefile.dylib
0x00007ff81a986000 	/usr/lib/system/libsystem_asl.dylib
0x00007ff815752000 	/usr/lib/system/libsystem_blocks.dylib
0x00007ff8158e7000 	/usr/lib/system/libsystem_c.dylib
0x00007ff820770000 	/usr/lib/system/libsystem_collections.dylib
0x00007ff81f055000 	/usr/lib/system/libsystem_configuration.dylib
0x00007ff81e316000 	/usr/lib/system/libsystem_containermanager.dylib
0x00007ff82045a000 	/usr/lib/system/libsystem_coreservices.dylib
0x00007ff81804c000 	/usr/lib/system/libsystem_darwin.dylib
0x00007ff82077b000 	/usr/lib/system/libsystem_dnssd.dylib
0x00007ff8158e4000 	/usr/lib/system/libsystem_featureflags.dylib
0x00007ff815a38000 	/usr/lib/system/libsystem_info.dylib
0x00007ff8206bb000 	/usr/lib/system/libsystem_m.dylib
0x00007ff815837000 	/usr/lib/system/libsystem_malloc.dylib
0x00007ff81a923000 	/usr/lib/system/libsystem_networkextension.dylib
0x00007ff818474000 	/usr/lib/system/libsystem_notify.dylib
0x00007ff8268f7000 	/usr/lib/system/libsystem_product_info_filter.dylib
0x00007ff81f059000 	/usr/lib/system/libsystem_sandbox.dylib
0x00007ff820775000 	/usr/lib/system/libsystem_secinit.dylib
0x00007ff8159df000 	/usr/lib/system/libsystem_kernel.dylib
0x00007ff815a2e000 	/usr/lib/system/libsystem_platform.dylib
0x00007ff815a16000 	/usr/lib/system/libsystem_pthread.dylib
0x00007ff81c1db000 	/usr/lib/system/libsystem_symptoms.dylib
0x00007ff81578b000 	/usr/lib/system/libsystem_trace.dylib
0x00007ff82074b000 	/usr/lib/system/libunwind.dylib
0x00007ff815754000 	/usr/lib/system/libxpc.dylib
0x00007ff8159c9000 	/usr/lib/libc++abi.dylib
0x00007ff820756000 	/usr/lib/liboah.dylib
0x00007ff820ee3000 	/usr/lib/liblzma.5.dylib
0x00007ff8165fa000 	/System/Library/Frameworks/SystemConfiguration.framework/Versions/A/SystemConfiguration
0x00007ff82078a000 	/usr/lib/libfakelink.dylib
0x00007ff81a48c000 	/System/Library/Frameworks/CFNetwork.framework/Versions/A/CFNetwork
0x00007ff8208c9000 	/usr/lib/libarchive.2.dylib
0x00007ff81f060000 	/System/Library/PrivateFrameworks/AppleSystemInfo.framework/Versions/A/AppleSystemInfo
0x00007ff81fdd4000 	/usr/lib/libbsm.0.dylib
0x00007ff819ac2000 	/usr/lib/libnetwork.dylib
0x00007ff820723000 	/usr/lib/system/libkxld.dylib
0x00007ff81fa02000 	/System/Library/PrivateFrameworks/IOMobileFramebuffer.framework/Versions/A/IOMobileFramebuffer
0x00007ffb2b47c000 	/usr/lib/libCoreEntitlements.dylib
0x00007ff82043c000 	/System/Library/PrivateFrameworks/AppleFSCompression.framework/Versions/A/AppleFSCompression
0x00007ff81fdbc000 	/usr/lib/libcoretls.dylib
0x00007ff820efd000 	/usr/lib/libcoretls_cfhelpers.dylib
0x00007ff820a0d000 	/usr/lib/libpam.2.dylib
0x00007ff81bdfd000 	/usr/lib/libsqlite3.dylib
0x00007ff820f6c000 	/usr/lib/libxar.1.dylib
0x00007ff82044c000 	/usr/lib/libbz2.1.0.dylib
0x00007ff82078f000 	/usr/lib/libpcap.A.dylib
0x00007ff81c1d2000 	/usr/lib/libdns_services.dylib
0x00007ff8209dc000 	/usr/lib/libapple_nghttp2.dylib
0x00007ff8207c6000 	/usr/lib/libiconv.2.dylib
0x00007ff82071c000 	/usr/lib/libcharset.1.dylib
0x00007ff81d0f9000 	/System/Library/Frameworks/CoreServices.framework/Versions/A/Frameworks/FSEvents.framework/Versions/A/FSEvents
0x00007ff818056000 	/System/Library/Frameworks/CoreServices.framework/Versions/A/Frameworks/CarbonCore.framework/Versions/A/CarbonCore
0x00007ff81c415000 	/System/Library/Frameworks/CoreServices.framework/Versions/A/Frameworks/Metadata.framework/Versions/A/Metadata
0x00007ff82045f000 	/System/Library/Frameworks/CoreServices.framework/Versions/A/Frameworks/OSServices.framework/Versions/A/OSServices
0x00007ff820950000 	/System/Library/Frameworks/CoreServices.framework/Versions/A/Frameworks/SearchKit.framework/Versions/A/SearchKit
0x00007ff81c164000 	/System/Library/Frameworks/CoreServices.framework/Versions/A/Frameworks/AE.framework/Versions/A/AE
0x00007ff815f66000 	/System/Library/Frameworks/CoreServices.framework/Versions/A/Frameworks/LaunchServices.framework/Versions/A/LaunchServices
0x00007ff820e94000 	/System/Library/Frameworks/CoreServices.framework/Versions/A/Frameworks/DictionaryServices.framework/Versions/A/DictionaryServices
0x00007ff81d106000 	/System/Library/Frameworks/CoreServices.framework/Versions/A/Frameworks/SharedFileList.framework/Versions/A/SharedFileList
0x00007ff81fdb0000 	/usr/lib/libCheckFix.dylib
0x00007ff81a99d000 	/System/Library/PrivateFrameworks/TCC.framework/Versions/A/TCC
0x00007ff81f066000 	/System/Library/PrivateFrameworks/CoreNLP.framework/Versions/A/CoreNLP
0x00007ff81c3c5000 	/System/Library/PrivateFrameworks/MetadataUtilities.framework/Versions/A/MetadataUtilities
0x00007ff8166aa000 	/usr/lib/libmecabra.dylib
0x00007ff81fde4000 	/usr/lib/libmecab.dylib
0x00007ff816675000 	/usr/lib/libCRFSuite.dylib
0x00007ff81fe41000 	/usr/lib/libgermantok.dylib
0x00007ff8209b7000 	/usr/lib/libThaiTokenizer.dylib
0x00007ff81c4b7000 	/System/Library/Frameworks/Accelerate.framework/Versions/A/Frameworks/vImage.framework/Versions/A/vImage
0x00007ff8269f9000 	/System/Library/Frameworks/Accelerate.framework/Versions/A/Frameworks/vecLib.framework/Versions/A/vecLib
0x00007ff820fad000 	/System/Library/Frameworks/Accelerate.framework/Versions/A/Frameworks/vecLib.framework/Versions/A/libvMisc.dylib
0x00007ff81f820000 	/System/Library/Frameworks/Accelerate.framework/Versions/A/Frameworks/vecLib.framework/Versions/A/libvDSP.dylib
0x00007ff8162de000 	/System/Library/Frameworks/Accelerate.framework/Versions/A/Frameworks/vecLib.framework/Versions/A/libBLAS.dylib
0x00007ff820aee000 	/System/Library/Frameworks/Accelerate.framework/Versions/A/Frameworks/vecLib.framework/Versions/A/libLAPACK.dylib
0x00007ff81fe44000 	/System/Library/Frameworks/Accelerate.framework/Versions/A/Frameworks/vecLib.framework/Versions/A/libLinearAlgebra.dylib
0x00007ff8209f5000 	/System/Library/Frameworks/Accelerate.framework/Versions/A/Frameworks/vecLib.framework/Versions/A/libSparseBLAS.dylib
0x00007ff820ae8000 	/System/Library/Frameworks/Accelerate.framework/Versions/A/Frameworks/vecLib.framework/Versions/A/libQuadrature.dylib
0x00007ff81f150000 	/System/Library/Frameworks/Accelerate.framework/Versions/A/Frameworks/vecLib.framework/Versions/A/libBNNS.dylib
0x00007ff81658b000 	/System/Library/Frameworks/Accelerate.framework/Versions/A/Frameworks/vecLib.framework/Versions/A/libSparse.dylib
0x00007ff81f149000 	/System/Library/PrivateFrameworks/LinguisticData.framework/Versions/A/LinguisticData
0x00007ff816540000 	/System/Library/PrivateFrameworks/Lexicon.framework/Versions/A/Lexicon
0x00007ff820fa6000 	/usr/lib/libChineseTokenizer.dylib
0x00007ff816ca4000 	/System/Library/PrivateFrameworks/LanguageModeling.framework/Versions/A/LanguageModeling
0x00007ff8209b9000 	/System/Library/PrivateFrameworks/AppleSauce.framework/Versions/A/AppleSauce
0x00007ff81f9f0000 	/System/Library/PrivateFrameworks/CoreEmoji.framework/Versions/A/CoreEmoji
0x00007ff8208b8000 	/usr/lib/libcmph.dylib
0x00007ff81d0dd000 	/System/Library/Frameworks/OpenDirectory.framework/Versions/A/Frameworks/CFOpenDirectory.framework/Versions/A/CFOpenDirectory
0x00007ff81d0d1000 	/System/Library/Frameworks/OpenDirectory.framework/Versions/A/OpenDirectory
0x00007ff820eff000 	/System/Library/PrivateFrameworks/APFS.framework/Versions/A/APFS
0x00007ff81fd11000 	/System/Library/Frameworks/SecurityFoundation.framework/Versions/A/SecurityFoundation
0x00007ff820f7a000 	/usr/lib/libutil.dylib
0x00007ff818381000 	/System/Library/PrivateFrameworks/CoreServicesStore.framework/Versions/A/CoreServicesStore
0x00007ff820f7e000 	/usr/lib/libxslt.1.dylib
0x00007ff81fd9e000 	/System/Library/PrivateFrameworks/BackgroundTaskManagement.framework/Versions/A/BackgroundTaskManagement
0x00007ff8223ee000 	/System/Library/Frameworks/ImageIO.framework/Versions/A/Resources/libRadiance.dylib
0x00007ff8223f7000 	/System/Library/Frameworks/ImageIO.framework/Versions/A/Resources/libJPEG.dylib
0x00007ff822347000 	/System/Library/Frameworks/ImageIO.framework/Versions/A/Resources/libPng.dylib
0x00007ff822368000 	/System/Library/Frameworks/ImageIO.framework/Versions/A/Resources/libTIFF.dylib
0x00007ff822457000 	/System/Library/Frameworks/ImageIO.framework/Versions/A/Resources/libGIF.dylib
0x00007ff821c78000 	/System/Library/Frameworks/ImageIO.framework/Versions/A/Resources/libJP2.dylib
0x00007ff8213ba000 	/usr/lib/libexpat.1.dylib
0x00007ff821c2d000 	/System/Library/PrivateFrameworks/AppleJPEG.framework/Versions/A/AppleJPEG
0x00007ff81e5a9000 	/System/Library/PrivateFrameworks/FontServices.framework/libFontParser.dylib
0x00007ff81c10e000 	/System/Library/PrivateFrameworks/RunningBoardServices.framework/Versions/A/RunningBoardServices
0x00007ff82cbc7000 	/System/Library/PrivateFrameworks/IOSurfaceAccelerator.framework/Versions/A/IOSurfaceAccelerator
0x00007ff821d5b000 	/System/Library/PrivateFrameworks/WatchdogClient.framework/Versions/A/WatchdogClient
0x00007ff816d93000 	/System/Library/Frameworks/CoreDisplay.framework/Versions/A/CoreDisplay
0x00007ff81e4a8000 	/System/Library/Frameworks/CoreMedia.framework/Versions/A/CoreMedia
0x00007ff81e345000 	/System/Library/PrivateFrameworks/IOAccelerator.framework/Versions/A/IOAccelerator
0x00007ff81d259000 	/System/Library/Frameworks/CoreVideo.framework/Versions/A/CoreVideo
0x00007ff820a0b000 	/System/Library/Frameworks/MetalPerformanceShaders.framework/Versions/A/MetalPerformanceShaders
0x00007ff821d96000 	/System/Library/Frameworks/VideoToolbox.framework/Versions/A/VideoToolbox
0x00007ff81c056000 	/System/Library/PrivateFrameworks/BaseBoard.framework/Versions/A/BaseBoard
0x00007ff81bde3000 	/System/Library/PrivateFrameworks/ProtocolBuffer.framework/Versions/A/ProtocolBuffer
0x00007ff8223e7000 	/System/Library/PrivateFrameworks/GPUWrangler.framework/Versions/A/GPUWrangler
0x00007ff8223ca000 	/System/Library/PrivateFrameworks/IOPresentment.framework/Versions/A/IOPresentment
0x00007ff8223f1000 	/System/Library/PrivateFrameworks/DSExternalDisplay.framework/Versions/A/DSExternalDisplay
0x00007ffa2d6c2000 	/System/Library/Frameworks/OpenGL.framework/Versions/A/Libraries/libCoreFSCache.dylib
0x00007ffb19766000 	/System/Library/PrivateFrameworks/GPUCompiler.framework/Versions/31001/Libraries/libGPUCompilerUtils.dylib
0x00007ff82245c000 	/System/Library/PrivateFrameworks/CMCaptureCore.framework/Versions/A/CMCaptureCore
0x00007ff821966000 	/System/Library/PrivateFrameworks/AppServerSupport.framework/Versions/A/AppServerSupport
0x00007ff823b43000 	/System/Library/PrivateFrameworks/perfdata.framework/Versions/A/perfdata
0x00007ff816ebf000 	/System/Library/PrivateFrameworks/AudioToolboxCore.framework/Versions/A/AudioToolboxCore
0x00007ff81e485000 	/System/Library/PrivateFrameworks/caulk.framework/Versions/A/caulk
0x00007ff823467000 	/usr/lib/libAudioStatistics.dylib
0x00007ff91a794000 	/System/Library/PrivateFrameworks/SystemPolicy.framework/Versions/A/SystemPolicy
0x00007ff8236bc000 	/usr/lib/libSMC.dylib
0x00007ff82c500000 	/System/Library/Frameworks/CoreMIDI.framework/Versions/A/CoreMIDI
0x00007ff822317000 	/usr/lib/libAudioToolboxUtility.dylib
0x00007ff916ba6000 	/System/Library/PrivateFrameworks/OSAServicesClient.framework/Versions/A/OSAServicesClient
0x00007ff823b50000 	/usr/lib/libperfcheck.dylib
0x00007ff91b226000 	/usr/lib/libmis.dylib
0x00007ffa2d71e000 	/System/Library/Frameworks/OpenGL.framework/Versions/A/Libraries/libGLU.dylib
0x00007ffa2d6e1000 	/System/Library/Frameworks/OpenGL.framework/Versions/A/Libraries/libGFXShared.dylib
0x00007ffa2d8ef000 	/System/Library/Frameworks/OpenGL.framework/Versions/A/Libraries/libGL.dylib
0x00007ffa2d6ea000 	/System/Library/Frameworks/OpenGL.framework/Versions/A/Libraries/libGLImage.dylib
0x00007ffa2d6de000 	/System/Library/Frameworks/OpenGL.framework/Versions/A/Libraries/libCVMSPluginSupport.dylib
0x00007ffa2d6c9000 	/System/Library/Frameworks/OpenGL.framework/Versions/A/Libraries/libCoreVMClient.dylib
0x00007ff81efe4000 	/System/Library/Frameworks/MetalPerformanceShaders.framework/Versions/A/Frameworks/MPSCore.framework/Versions/A/MPSCore
0x00007ff8203a7000 	/System/Library/Frameworks/MetalPerformanceShaders.framework/Versions/A/Frameworks/MPSImage.framework/Versions/A/MPSImage
0x00007ff81fe5a000 	/System/Library/Frameworks/MetalPerformanceShaders.framework/Versions/A/Frameworks/MPSNeuralNetwork.framework/Versions/A/MPSNeuralNetwork
0x00007ff8202cf000 	/System/Library/Frameworks/MetalPerformanceShaders.framework/Versions/A/Frameworks/MPSMatrix.framework/Versions/A/MPSMatrix
0x00007ff82008b000 	/System/Library/Frameworks/MetalPerformanceShaders.framework/Versions/A/Frameworks/MPSRayIntersector.framework/Versions/A/MPSRayIntersector
0x00007ff820308000 	/System/Library/Frameworks/MetalPerformanceShaders.framework/Versions/A/Frameworks/MPSNDArray.framework/Versions/A/MPSNDArray
0x00007ffa322e0000 	/System/Library/Frameworks/MetalPerformanceShaders.framework/Versions/A/Frameworks/MPSFunctions.framework/Versions/A/MPSFunctions
0x00007ff8161c1000 	/System/Library/PrivateFrameworks/MetalTools.framework/Versions/A/MetalTools
0x00007ff81f05e000 	/System/Library/PrivateFrameworks/AggregateDictionary.framework/Versions/A/AggregateDictionary
0x00007ff82119c000 	/usr/lib/libIOReport.dylib
0x00007ffa2ecfe000 	/System/Library/Frameworks/OpenCL.framework/Versions/A/OpenCL
0x00007ff821500000 	/System/Library/PrivateFrameworks/FaceCore.framework/Versions/A/FaceCore
0x00007ff8214f1000 	/System/Library/PrivateFrameworks/GraphVisualizer.framework/Versions/A/GraphVisualizer
0x00007ffb19671000 	/System/Library/PrivateFrameworks/FontServices.framework/Versions/A/FontServices
0x00007ff82191d000 	/System/Library/PrivateFrameworks/OTSVG.framework/Versions/A/OTSVG
0x00007ff81ce41000 	/System/Library/Frameworks/ApplicationServices.framework/Versions/A/Frameworks/ATS.framework/Versions/A/Resources/libFontRegistry.dylib
0x00007ff82196e000 	/System/Library/PrivateFrameworks/FontServices.framework/libhvf.dylib
0x00007ffb19672000 	/System/Library/PrivateFrameworks/FontServices.framework/libXTFontStaticRegistryData.dylib
0x00007ff82136a000 	/System/Library/PrivateFrameworks/AppleVA.framework/Versions/A/AppleVA
0x00007ff82348b000 	/System/Library/Frameworks/ApplicationServices.framework/Versions/A/Frameworks/ATS.framework/Versions/A/ATS
0x00007ff81b511000 	/System/Library/Frameworks/ApplicationServices.framework/Versions/A/Frameworks/HIServices.framework/Versions/A/HIServices
0x00007ff822466000 	/System/Library/Frameworks/ApplicationServices.framework/Versions/A/Frameworks/PrintCore.framework/Versions/A/PrintCore
0x00007ff82380f000 	/System/Library/Frameworks/ApplicationServices.framework/Versions/A/Frameworks/QD.framework/Versions/A/QD
0x00007ff823807000 	/System/Library/Frameworks/ApplicationServices.framework/Versions/A/Frameworks/ColorSyncLegacy.framework/Versions/A/ColorSyncLegacy
0x00007ff82347b000 	/System/Library/Frameworks/ApplicationServices.framework/Versions/A/Frameworks/SpeechSynthesis.framework/Versions/A/SpeechSynthesis
0x00007ff822427000 	/System/Library/Frameworks/ApplicationServices.framework/Versions/A/Frameworks/ATSUI.framework/Versions/A/ATSUI
0x00007ff82379c000 	/usr/lib/libcups.2.dylib
0x00007ff823b5f000 	/System/Library/Frameworks/Kerberos.framework/Versions/A/Kerberos
0x00007ff823b6e000 	/System/Library/Frameworks/GSS.framework/Versions/A/GSS
0x00007ff8234f7000 	/usr/lib/libresolv.9.dylib
0x00007ff82197d000 	/System/Library/PrivateFrameworks/Heimdal.framework/Versions/A/Heimdal
0x00007ff82a657000 	/System/Library/Frameworks/Kerberos.framework/Versions/A/Libraries/libHeimdalProxy.dylib
0x00007ff81c1e3000 	/System/Library/Frameworks/Network.framework/Versions/A/Network
0x00007ff8213d4000 	/usr/lib/libheimdal-asn1.dylib
0x00007ff823bba000 	/System/Library/PrivateFrameworks/CommonAuth.framework/Versions/A/CommonAuth
0x00007ff8233f8000 	/System/Library/PrivateFrameworks/AudioSession.framework/Versions/A/AudioSession
0x00007ff821464000 	/System/Library/PrivateFrameworks/MediaExperience.framework/Versions/A/MediaExperience
0x00007ff82328c000 	/System/Library/PrivateFrameworks/AudioSession.framework/libSessionUtility.dylib
0x00007ff82381b000 	/System/Library/PrivateFrameworks/AudioResourceArbitration.framework/Versions/A/AudioResourceArbitration
0x00007ff82780c000 	/System/Library/PrivateFrameworks/PowerLog.framework/Versions/A/PowerLog
0x00007ff8213dd000 	/System/Library/PrivateFrameworks/IconFoundation.framework/Versions/A/IconFoundation
0x00007ff826626000 	/System/Library/PrivateFrameworks/SpeechRecognitionCore.framework/Versions/A/SpeechRecognitionCore
0x000000011061b000 	/usr/local/Cellar/openjdk@11/11.0.12/libexec/openjdk.jdk/Contents/Home/lib/server/libjvm.dylib
0x000000010f98e000 	/usr/local/Cellar/openjdk@11/11.0.12/libexec/openjdk.jdk/Contents/Home/lib/libverify.dylib
0x000000010f9d0000 	/usr/local/Cellar/openjdk@11/11.0.12/libexec/openjdk.jdk/Contents/Home/lib/libjava.dylib
0x000000010f9a2000 	/usr/local/Cellar/openjdk@11/11.0.12/libexec/openjdk.jdk/Contents/Home/lib/libjimage.dylib
0x000000010f9bc000 	/usr/local/Cellar/openjdk@11/11.0.12/libexec/openjdk.jdk/Contents/Home/lib/libzip.dylib
0x000000011047d000 	/usr/local/Cellar/openjdk@11/11.0.12/libexec/openjdk.jdk/Contents/Home/lib/libnio.dylib
0x00000001104af000 	/usr/local/Cellar/openjdk@11/11.0.12/libexec/openjdk.jdk/Contents/Home/lib/libnet.dylib
0x0000000110495000 	/Users/ferbpp/.openjfx/cache/17.0.1/libprism_es2.dylib
0x00007ff818342000 	/System/Library/PrivateFrameworks/CoreServicesInternal.framework/Versions/A/CoreServicesInternal
0x00007ffa2d8fa000 	/System/Library/Frameworks/OpenGL.framework/Versions/A/Resources/GLEngine.bundle/GLEngine
0x00007ffa2d75c000 	/System/Library/Frameworks/OpenGL.framework/Versions/A/Libraries/libGLProgrammability.dylib
0x00007ffa25430000 	/System/Library/Extensions/AppleIntelBDWGraphicsGLDriver.bundle/Contents/MacOS/AppleIntelBDWGraphicsGLDriver
0x00007ff9250ef000 	/System/Library/PrivateFrameworks/GPUSupport.framework/Versions/A/Libraries/libGPUSupportMercury.dylib
0x00007ffa2da89000 	/System/Library/Frameworks/OpenGL.framework/Versions/A/Resources/GLRendererFloat.bundle/GLRendererFloat
0x00000001124a8000 	/Users/ferbpp/.openjfx/cache/17.0.1/libglass.dylib
0x00007ff827dfd000 	/System/Library/Frameworks/FileProvider.framework/Versions/A/FileProvider
0x00007ff81bfc2000 	/System/Library/Frameworks/Accounts.framework/Versions/A/Accounts
0x00007ff827f74000 	/System/Library/PrivateFrameworks/GenerationalStorage.framework/Versions/A/GenerationalStorage
0x00007ff828a86000 	/System/Library/PrivateFrameworks/CoreSymbolication.framework/Versions/A/CoreSymbolication
0x00007ff827801000 	/System/Library/PrivateFrameworks/SymptomDiagnosticReporter.framework/Versions/A/SymptomDiagnosticReporter
0x00007ff819603000 	/System/Library/PrivateFrameworks/DesktopServicesPriv.framework/Versions/A/DesktopServicesPriv
0x00007ff818483000 	/usr/lib/libsandbox.1.dylib
0x00007ff81d2d8000 	/System/Library/PrivateFrameworks/UserManagement.framework/Versions/A/UserManagement
0x00007ff828a4b000 	/System/Library/PrivateFrameworks/DebugSymbols.framework/Versions/A/DebugSymbols
0x00007ff8237fc000 	/System/Library/PrivateFrameworks/NetAuth.framework/Versions/A/NetAuth
0x00007ff8246ea000 	/System/Library/PrivateFrameworks/Sharing.framework/Versions/A/Sharing
0x00007ff81d2ab000 	/System/Library/PrivateFrameworks/login.framework/Versions/A/Frameworks/loginsupport.framework/Versions/A/loginsupport
0x00007ff829b8b000 	/System/Library/PrivateFrameworks/Apple80211.framework/Versions/A/Apple80211
0x00007ff82048c000 	/System/Library/PrivateFrameworks/AuthKit.framework/Versions/A/AuthKit
0x00007ff81fae6000 	/System/Library/PrivateFrameworks/CoreUtils.framework/Versions/A/CoreUtils
0x00007ff81fa0d000 	/System/Library/Frameworks/CoreWLAN.framework/Versions/A/CoreWLAN
0x00007ff824845000 	/System/Library/Frameworks/IOBluetooth.framework/Versions/A/IOBluetooth
0x00007ff829bf3000 	/System/Library/PrivateFrameworks/CoreWiFi.framework/Versions/A/CoreWiFi
0x00007ff828620000 	/System/Library/PrivateFrameworks/FrontBoardServices.framework/Versions/A/FrontBoardServices
0x00007ff8286b2000 	/System/Library/PrivateFrameworks/BoardServices.framework/Versions/A/BoardServices
0x00007ff81fd00000 	/System/Library/PrivateFrameworks/AssertionServices.framework/Versions/A/AssertionServices
0x00007ff829d77000 	/System/Library/PrivateFrameworks/BackBoardServices.framework/Versions/A/BackBoardServices
0x00007ff823c49000 	/System/Library/PrivateFrameworks/CorePhoneNumbers.framework/Versions/A/CorePhoneNumbers
0x00007ff82791e000 	/System/Library/PrivateFrameworks/DiskManagement.framework/Versions/A/DiskManagement
0x00007ff827832000 	/System/Library/PrivateFrameworks/AppleIDAuthSupport.framework/Versions/A/AppleIDAuthSupport
0x00007ffa34276000 	/System/Library/PrivateFrameworks/AAAFoundation.framework/Versions/A/AAAFoundation
0x00007ff823c2a000 	/System/Library/PrivateFrameworks/KeychainCircle.framework/Versions/A/KeychainCircle
0x00007ff8278ea000 	/System/Library/PrivateFrameworks/MediaKit.framework/Versions/A/MediaKit
0x00007ff82783e000 	/System/Library/Frameworks/DiscRecording.framework/Versions/A/DiscRecording
0x00007ff8212e2000 	/usr/lib/libCoreStorage.dylib
0x00007ff82a066000 	/usr/lib/libcsfde.dylib
0x00007ff824912000 	/System/Library/PrivateFrameworks/ProtectedCloudStorage.framework/Versions/A/ProtectedCloudStorage
0x00007ff82a062000 	/System/Library/PrivateFrameworks/EFILogin.framework/Versions/A/EFILogin
0x00007ff827f9a000 	/System/Library/PrivateFrameworks/OctagonTrust.framework/Versions/A/OctagonTrust
0x00007ffb18993000 	/System/Library/PrivateFrameworks/CoreUtilsExtras.framework/Versions/A/CoreUtilsExtras
0x00007ff827774000 	/System/Library/Frameworks/CoreBluetooth.framework/Versions/A/CoreBluetooth
0x00007ff82a6dc000 	/System/Library/Frameworks/AudioUnit.framework/Versions/A/AudioUnit
0x00007ff8212da000 	/usr/lib/libMatch.1.dylib
0x00007ff91f675000 	/System/Library/Frameworks/Accelerate.framework/Versions/A/Frameworks/vImage.framework/Versions/A/Libraries/libCGInterfaces.dylib
0x0000000133122000 	/usr/lib/libobjc-trampolines.dylib
0x00007ff81cfd1000 	/System/Library/PrivateFrameworks/ViewBridge.framework/Versions/A/ViewBridge
0x0000000135de3000 	/Users/ferbpp/.openjfx/cache/17.0.1/libjavafx_font.dylib
0x00007ff821a37000 	/System/Library/PrivateFrameworks/login.framework/Versions/A/login
0x00007ffb2b58a000 	/usr/lib/libRosetta.dylib


VM Arguments:
jvm_args: --module-path=/Users/ferbpp/.m2/repository/org/openjfx/javafx-base/17.0.1/javafx-base-17.0.1-mac.jar:/Users/ferbpp/.m2/repository/org/openjfx/javafx-base/17.0.1/javafx-base-17.0.1.jar:/Users/ferbpp/.m2/repository/org/openjfx/javafx-controls/17.0.1/javafx-controls-17.0.1-mac.jar:/Users/ferbpp/.m2/repository/org/openjfx/javafx-controls/17.0.1/javafx-controls-17.0.1.jar:/Users/ferbpp/.m2/repository/org/openjfx/javafx-graphics/17.0.1/javafx-graphics-17.0.1-mac.jar:/Users/ferbpp/.m2/repository/org/openjfx/javafx-graphics/17.0.1/javafx-graphics-17.0.1.jar --add-modules=javafx.base,javafx.controls,javafx.graphics 
java_command: Main
java_class_path (initial): /Users/ferbpp/Documents/portfolio/pathfinder/target/classes
Launcher Type: SUN_STANDARD

[Global flags]
     intx CICompilerCount                          = 3                                         {product} {ergonomic}
     uint ConcGCThreads                            = 1                                         {product} {ergonomic}
     uint G1ConcRefinementThreads                  = 4                                         {product} {ergonomic}
   size_t G1HeapRegionSize                         = 1048576                                   {product} {ergonomic}
    uintx GCDrainStackTargetSize                   = 64                                        {product} {ergonomic}
   size_t InitialHeapSize                          = 134217728                                 {product} {ergonomic}
   size_t MarkStackSize                            = 4194304                                   {product} {ergonomic}
   size_t MaxHeapSize                              = 2147483648                                {product} {ergonomic}
   size_t MaxNewSize                               = 1287651328                                {product} {ergonomic}
   size_t MinHeapDeltaBytes                        = 1048576                                   {product} {ergonomic}
    uintx NonNMethodCodeHeapSize                   = 5830732                                {pd product} {ergonomic}
    uintx NonProfiledCodeHeapSize                  = 122913754                              {pd product} {ergonomic}
    uintx ProfiledCodeHeapSize                     = 122913754                              {pd product} {ergonomic}
    uintx ReservedCodeCacheSize                    = 251658240                              {pd product} {ergonomic}
     bool SegmentedCodeCache                       = true                                      {product} {ergonomic}
     bool UseCompressedClassPointers               = true                                 {lp64_product} {ergonomic}
     bool UseCompressedOops                        = true                                 {lp64_product} {ergonomic}
     bool UseG1GC                                  = true                                      {product} {ergonomic}

Logging:
Log output configuration:
 #0: stdout all=warning uptime,level,tags
 #1: stderr all=off uptime,level,tags

Environment Variables:
JAVA_HOME=/usr/local/Cellar/openjdk@11/11.0.12/libexec/openjdk.jdk/Contents/Home
PATH=/usr/local/mysql/bin:/usr/local/opt/tomcat@9/bin:/usr/local/mysql/bin:/usr/local/opt/tomcat@9/bin:/usr/local/bin:/usr/bin:/bin:/usr/sbin:/sbin:/usr/local/mysql/bin:/usr/local/opt/tomcat@9/bin
SHELL=/bin/zsh
LANG=es_MX.UTF-8
LC_CTYPE=UTF-8

Signal Handlers:
SIGSEGV: [libjvm.dylib+0x75673a], sa_mask[0]=11111111011111110111111111111111, sa_flags=SA_ONSTACK|SA_RESTART|SA_SIGINFO
SIGBUS: [libjvm.dylib+0x75673a], sa_mask[0]=11111111011111110111111111111111, sa_flags=SA_RESTART|SA_SIGINFO
SIGFPE: [libjvm.dylib+0x75673a], sa_mask[0]=11111111011111110111111111111111, sa_flags=SA_RESTART|SA_SIGINFO
SIGPIPE: [libjvm.dylib+0x60f869], sa_mask[0]=11111111011111110111111111111111, sa_flags=SA_RESTART|SA_SIGINFO
SIGXFSZ: [libjvm.dylib+0x60f869], sa_mask[0]=11111111011111110111111111111111, sa_flags=SA_RESTART|SA_SIGINFO
SIGILL: [libjvm.dylib+0x75673a], sa_mask[0]=11111111011111110111111111111111, sa_flags=SA_RESTART|SA_SIGINFO
SIGUSR2: [libjvm.dylib+0x60fe48], sa_mask[0]=00100000000000000000000000000000, sa_flags=SA_RESTART|SA_SIGINFO
SIGHUP: [libjvm.dylib+0x60ea09], sa_mask[0]=11111111011111110111111111111111, sa_flags=SA_RESTART|SA_SIGINFO
SIGINT: [libjvm.dylib+0x60ea09], sa_mask[0]=11111111011111110111111111111111, sa_flags=SA_RESTART|SA_SIGINFO
SIGTERM: [libjvm.dylib+0x60ea09], sa_mask[0]=11111111011111110111111111111111, sa_flags=SA_RESTART|SA_SIGINFO
SIGQUIT: [libjvm.dylib+0x60ea09], sa_mask[0]=11111111011111110111111111111111, sa_flags=SA_RESTART|SA_SIGINFO


---------------  S Y S T E M  ---------------

OS:uname:Darwin 21.2.0 Darwin Kernel Version 21.2.0: Sun Nov 28 20:28:54 PST 2021; root:xnu-8019.61.5~1/RELEASE_X86_64 x86_64
OS uptime: 11 days 13:32 hours
rlimit (soft/hard): STACK 8192k/65532k , CORE 0k/infinity , NPROC 1392/1392 , NOFILE 10240/infinity , AS infinity/infinity , CPU infinity/infinity , DATA infinity/infinity , FSIZE infinity/infinity , MEMLOCK infinity/infinity , RSS infinity/infinity
load average:2.59 2.37 2.58

CPU:total 4 (initial active 4) (2 cores per cpu, 2 threads per core) family 6 model 61 stepping 4 microcode 0x2f, cmov, cx8, fxsr, mmx, sse, sse2, sse3, ssse3, sse4.1, sse4.2, popcnt, avx, avx2, aes, clmul, erms, 3dnowpref, lzcnt, ht, tsc, tscinvbit, bmi1, bmi2, adx, fma

Memory: 4k page, physical 8388608k(67664k free), swap 2097152k(927488k free)

vm_info: OpenJDK 64-Bit Server VM (11.0.12+0) for bsd-amd64 JRE (11.0.12+0), built on Aug 16 2021 02:56:19 by "brew" with clang Apple LLVM 12.0.5 (clang-1205.0.22.9)

END.
